/home/aghilas/tello_twin_ws/install/tello_twin_control/lib/python3.12/site-packages/tello_twin_control/gz_pose_relay.py
/home/aghilas/tello_twin_ws/install/tello_twin_control/lib/python3.12/site-packages/tello_twin_control/gazebo_pose_sender.py
/home/aghilas/tello_twin_ws/install/tello_twin_control/lib/python3.12/site-packages/tello_twin_control/simple_dynamics.py
/home/aghilas/tello_twin_ws/install/tello_twin_control/lib/python3.12/site-packages/tello_twin_control/cmd_test.py
/home/aghilas/tello_twin_ws/install/tello_twin_control/lib/python3.12/site-packages/tello_twin_control/__init__.py
/home/aghilas/tello_twin_ws/install/tello_twin_control/lib/python3.12/site-packages/tello_twin_control/__pycache__/gz_pose_relay.cpython-312.pyc
/home/aghilas/tello_twin_ws/install/tello_twin_control/lib/python3.12/site-packages/tello_twin_control/__pycache__/gazebo_pose_sender.cpython-312.pyc
/home/aghilas/tello_twin_ws/install/tello_twin_control/lib/python3.12/site-packages/tello_twin_control/__pycache__/simple_dynamics.cpython-312.pyc
/home/aghilas/tello_twin_ws/install/tello_twin_control/lib/python3.12/site-packages/tello_twin_control/__pycache__/cmd_test.cpython-312.pyc
/home/aghilas/tello_twin_ws/install/tello_twin_control/lib/python3.12/site-packages/tello_twin_control/__pycache__/__init__.cpython-312.pyc
/home/aghilas/tello_twin_ws/install/tello_twin_control/share/ament_index/resource_index/packages/tello_twin_control
/home/aghilas/tello_twin_ws/install/tello_twin_control/share/tello_twin_control/package.xml
/home/aghilas/tello_twin_ws/install/tello_twin_control/lib/python3.12/site-packages/tello_twin_control-0.0.0-py3.12.egg-info/entry_points.txt
/home/aghilas/tello_twin_ws/install/tello_twin_control/lib/python3.12/site-packages/tello_twin_control-0.0.0-py3.12.egg-info/dependency_links.txt
/home/aghilas/tello_twin_ws/install/tello_twin_control/lib/python3.12/site-packages/tello_twin_control-0.0.0-py3.12.egg-info/zip-safe
/home/aghilas/tello_twin_ws/install/tello_twin_control/lib/python3.12/site-packages/tello_twin_control-0.0.0-py3.12.egg-info/SOURCES.txt
/home/aghilas/tello_twin_ws/install/tello_twin_control/lib/python3.12/site-packages/tello_twin_control-0.0.0-py3.12.egg-info/PKG-INFO
/home/aghilas/tello_twin_ws/install/tello_twin_control/lib/python3.12/site-packages/tello_twin_control-0.0.0-py3.12.egg-info/top_level.txt
/home/aghilas/tello_twin_ws/install/tello_twin_control/lib/python3.12/site-packages/tello_twin_control-0.0.0-py3.12.egg-info/requires.txt
/home/aghilas/tello_twin_ws/install/tello_twin_control/lib/tello_twin_control/cmd_test
/home/aghilas/tello_twin_ws/install/tello_twin_control/lib/tello_twin_control/gazebo_pose_sender
/home/aghilas/tello_twin_ws/install/tello_twin_control/lib/tello_twin_control/gz_pose_relay
/home/aghilas/tello_twin_ws/install/tello_twin_control/lib/tello_twin_control/simple_dynamics
