running egg_info
creating ../../build/tello_twin_logging/tello_twin_logging.egg-info
writing ../../build/tello_twin_logging/tello_twin_logging.egg-info/PKG-INFO
writing dependency_links to ../../build/tello_twin_logging/tello_twin_logging.egg-info/dependency_links.txt
writing requirements to ../../build/tello_twin_logging/tello_twin_logging.egg-info/requires.txt
writing top-level names to ../../build/tello_twin_logging/tello_twin_logging.egg-info/top_level.txt
writing manifest file '../../build/tello_twin_logging/tello_twin_logging.egg-info/SOURCES.txt'
reading manifest file '../../build/tello_twin_logging/tello_twin_logging.egg-info/SOURCES.txt'
writing manifest file '../../build/tello_twin_logging/tello_twin_logging.egg-info/SOURCES.txt'
running build
running build_py
creating /home/aghilas/tello_twin_ws/build/tello_twin_logging/build
creating /home/aghilas/tello_twin_ws/build/tello_twin_logging/build/lib
creating /home/aghilas/tello_twin_ws/build/tello_twin_logging/build/lib/tello_twin_logging
copying tello_twin_logging/__init__.py -> /home/aghilas/tello_twin_ws/build/tello_twin_logging/build/lib/tello_twin_logging
running install
running install_lib
creating /home/aghilas/tello_twin_ws/install/tello_twin_logging/lib/python3.12/site-packages/tello_twin_logging
copying /home/aghilas/tello_twin_ws/build/tello_twin_logging/build/lib/tello_twin_logging/__init__.py -> /home/aghilas/tello_twin_ws/install/tello_twin_logging/lib/python3.12/site-packages/tello_twin_logging
byte-compiling /home/aghilas/tello_twin_ws/install/tello_twin_logging/lib/python3.12/site-packages/tello_twin_logging/__init__.py to __init__.cpython-312.pyc
running install_data
creating /home/aghilas/tello_twin_ws/install/tello_twin_logging/share/ament_index
creating /home/aghilas/tello_twin_ws/install/tello_twin_logging/share/ament_index/resource_index
creating /home/aghilas/tello_twin_ws/install/tello_twin_logging/share/ament_index/resource_index/packages
copying resource/tello_twin_logging -> /home/aghilas/tello_twin_ws/install/tello_twin_logging/share/ament_index/resource_index/packages
copying package.xml -> /home/aghilas/tello_twin_ws/install/tello_twin_logging/share/tello_twin_logging
running install_egg_info
Copying ../../build/tello_twin_logging/tello_twin_logging.egg-info to /home/aghilas/tello_twin_ws/install/tello_twin_logging/lib/python3.12/site-packages/tello_twin_logging-0.0.0-py3.12.egg-info
running install_scripts
writing list of installed files to '/home/aghilas/tello_twin_ws/build/tello_twin_logging/install.log'
