[1.485s] Invoking command in '/home/aghilas/tello_twin_ws/src/tello_twin_logging': DEBUGINFOD_URLS=https://debuginfod.ubuntu.com PYTHONPATH=/home/aghilas/tello_twin_ws/build/tello_twin_logging/prefix_override:/usr/lib/python3/dist-packages/colcon_core/task/python/colcon_distutils_commands:/home/aghilas/tello_twin_ws/install/tello_twin_logging/lib/python3.12/site-packages:${PYTHONPATH} /usr/bin/python3 -W ignore:setup.py install is deprecated -W ignore:easy_install command is deprecated setup.py egg_info --egg-base ../../build/tello_twin_logging build --build-base /home/aghilas/tello_twin_ws/build/tello_twin_logging/build install --record /home/aghilas/tello_twin_ws/build/tello_twin_logging/install.log --single-version-externally-managed install_data
[1.823s] running egg_info
[1.824s] creating ../../build/tello_twin_logging/tello_twin_logging.egg-info
[1.846s] writing ../../build/tello_twin_logging/tello_twin_logging.egg-info/PKG-INFO
[1.846s] writing dependency_links to ../../build/tello_twin_logging/tello_twin_logging.egg-info/dependency_links.txt
[1.846s] writing requirements to ../../build/tello_twin_logging/tello_twin_logging.egg-info/requires.txt
[1.846s] writing top-level names to ../../build/tello_twin_logging/tello_twin_logging.egg-info/top_level.txt
[1.846s] writing manifest file '../../build/tello_twin_logging/tello_twin_logging.egg-info/SOURCES.txt'
[1.902s] reading manifest file '../../build/tello_twin_logging/tello_twin_logging.egg-info/SOURCES.txt'
[1.902s] writing manifest file '../../build/tello_twin_logging/tello_twin_logging.egg-info/SOURCES.txt'
[1.903s] running build
[1.903s] running build_py
[1.903s] creating /home/aghilas/tello_twin_ws/build/tello_twin_logging/build
[1.903s] creating /home/aghilas/tello_twin_ws/build/tello_twin_logging/build/lib
[1.903s] creating /home/aghilas/tello_twin_ws/build/tello_twin_logging/build/lib/tello_twin_logging
[1.903s] copying tello_twin_logging/__init__.py -> /home/aghilas/tello_twin_ws/build/tello_twin_logging/build/lib/tello_twin_logging
[1.904s] running install
[1.912s] running install_lib
[1.938s] creating /home/aghilas/tello_twin_ws/install/tello_twin_logging/lib/python3.12/site-packages/tello_twin_logging
[1.938s] copying /home/aghilas/tello_twin_ws/build/tello_twin_logging/build/lib/tello_twin_logging/__init__.py -> /home/aghilas/tello_twin_ws/install/tello_twin_logging/lib/python3.12/site-packages/tello_twin_logging
[1.938s] byte-compiling /home/aghilas/tello_twin_ws/install/tello_twin_logging/lib/python3.12/site-packages/tello_twin_logging/__init__.py to __init__.cpython-312.pyc
[1.939s] running install_data
[1.939s] creating /home/aghilas/tello_twin_ws/install/tello_twin_logging/share/ament_index
[1.939s] creating /home/aghilas/tello_twin_ws/install/tello_twin_logging/share/ament_index/resource_index
[1.939s] creating /home/aghilas/tello_twin_ws/install/tello_twin_logging/share/ament_index/resource_index/packages
[1.939s] copying resource/tello_twin_logging -> /home/aghilas/tello_twin_ws/install/tello_twin_logging/share/ament_index/resource_index/packages
[1.939s] copying package.xml -> /home/aghilas/tello_twin_ws/install/tello_twin_logging/share/tello_twin_logging
[1.940s] running install_egg_info
[1.965s] Copying ../../build/tello_twin_logging/tello_twin_logging.egg-info to /home/aghilas/tello_twin_ws/install/tello_twin_logging/lib/python3.12/site-packages/tello_twin_logging-0.0.0-py3.12.egg-info
[1.966s] running install_scripts
[2.138s] writing list of installed files to '/home/aghilas/tello_twin_ws/build/tello_twin_logging/install.log'
[2.171s] Invoked command in '/home/aghilas/tello_twin_ws/src/tello_twin_logging' returned '0': DEBUGINFOD_URLS=https://debuginfod.ubuntu.com PYTHONPATH=/home/aghilas/tello_twin_ws/build/tello_twin_logging/prefix_override:/usr/lib/python3/dist-packages/colcon_core/task/python/colcon_distutils_commands:/home/aghilas/tello_twin_ws/install/tello_twin_logging/lib/python3.12/site-packages:${PYTHONPATH} /usr/bin/python3 -W ignore:setup.py install is deprecated -W ignore:easy_install command is deprecated setup.py egg_info --egg-base ../../build/tello_twin_logging build --build-base /home/aghilas/tello_twin_ws/build/tello_twin_logging/build install --record /home/aghilas/tello_twin_ws/build/tello_twin_logging/install.log --single-version-externally-managed install_data
