[1.606s] Invoking command in '/home/aghilas/tello_twin_ws/src/tello_twin_control': DEBUGINFOD_URLS=https://debuginfod.ubuntu.com PYTHONPATH=/home/aghilas/tello_twin_ws/build/tello_twin_control/prefix_override:/usr/lib/python3/dist-packages/colcon_core/task/python/colcon_distutils_commands:/home/aghilas/tello_twin_ws/install/tello_twin_control/lib/python3.12/site-packages:${PYTHONPATH} /usr/bin/python3 -W ignore:setup.py install is deprecated -W ignore:easy_install command is deprecated setup.py egg_info --egg-base ../../build/tello_twin_control build --build-base /home/aghilas/tello_twin_ws/build/tello_twin_control/build install --record /home/aghilas/tello_twin_ws/build/tello_twin_control/install.log --single-version-externally-managed install_data
[1.950s] running egg_info
[1.951s] creating ../../build/tello_twin_control/tello_twin_control.egg-info
[1.973s] writing ../../build/tello_twin_control/tello_twin_control.egg-info/PKG-INFO
[1.973s] writing dependency_links to ../../build/tello_twin_control/tello_twin_control.egg-info/dependency_links.txt
[1.974s] writing requirements to ../../build/tello_twin_control/tello_twin_control.egg-info/requires.txt
[1.974s] writing top-level names to ../../build/tello_twin_control/tello_twin_control.egg-info/top_level.txt
[1.974s] writing manifest file '../../build/tello_twin_control/tello_twin_control.egg-info/SOURCES.txt'
[2.020s] reading manifest file '../../build/tello_twin_control/tello_twin_control.egg-info/SOURCES.txt'
[2.021s] writing manifest file '../../build/tello_twin_control/tello_twin_control.egg-info/SOURCES.txt'
[2.021s] running build
[2.021s] running build_py
[2.022s] creating /home/aghilas/tello_twin_ws/build/tello_twin_control/build
[2.022s] creating /home/aghilas/tello_twin_ws/build/tello_twin_control/build/lib
[2.022s] creating /home/aghilas/tello_twin_ws/build/tello_twin_control/build/lib/tello_twin_control
[2.022s] copying tello_twin_control/__init__.py -> /home/aghilas/tello_twin_ws/build/tello_twin_control/build/lib/tello_twin_control
[2.022s] running install
[2.031s] running install_lib
[2.056s] creating /home/aghilas/tello_twin_ws/install/tello_twin_control/lib/python3.12/site-packages/tello_twin_control
[2.057s] copying /home/aghilas/tello_twin_ws/build/tello_twin_control/build/lib/tello_twin_control/__init__.py -> /home/aghilas/tello_twin_ws/install/tello_twin_control/lib/python3.12/site-packages/tello_twin_control
[2.057s] byte-compiling /home/aghilas/tello_twin_ws/install/tello_twin_control/lib/python3.12/site-packages/tello_twin_control/__init__.py to __init__.cpython-312.pyc
[2.057s] running install_data
[2.058s] creating /home/aghilas/tello_twin_ws/install/tello_twin_control/share/ament_index
[2.058s] creating /home/aghilas/tello_twin_ws/install/tello_twin_control/share/ament_index/resource_index
[2.058s] creating /home/aghilas/tello_twin_ws/install/tello_twin_control/share/ament_index/resource_index/packages
[2.058s] copying resource/tello_twin_control -> /home/aghilas/tello_twin_ws/install/tello_twin_control/share/ament_index/resource_index/packages
[2.058s] copying package.xml -> /home/aghilas/tello_twin_ws/install/tello_twin_control/share/tello_twin_control
[2.059s] running install_egg_info
[2.086s] Copying ../../build/tello_twin_control/tello_twin_control.egg-info to /home/aghilas/tello_twin_ws/install/tello_twin_control/lib/python3.12/site-packages/tello_twin_control-0.0.0-py3.12.egg-info
[2.086s] running install_scripts
[2.255s] writing list of installed files to '/home/aghilas/tello_twin_ws/build/tello_twin_control/install.log'
[2.289s] Invoked command in '/home/aghilas/tello_twin_ws/src/tello_twin_control' returned '0': DEBUGINFOD_URLS=https://debuginfod.ubuntu.com PYTHONPATH=/home/aghilas/tello_twin_ws/build/tello_twin_control/prefix_override:/usr/lib/python3/dist-packages/colcon_core/task/python/colcon_distutils_commands:/home/aghilas/tello_twin_ws/install/tello_twin_control/lib/python3.12/site-packages:${PYTHONPATH} /usr/bin/python3 -W ignore:setup.py install is deprecated -W ignore:easy_install command is deprecated setup.py egg_info --egg-base ../../build/tello_twin_control build --build-base /home/aghilas/tello_twin_ws/build/tello_twin_control/build install --record /home/aghilas/tello_twin_ws/build/tello_twin_control/install.log --single-version-externally-managed install_data
