[1.411s] Invoking command in '/home/aghilas/tello_twin_ws/src/tello_twin_control': DEBUGINFOD_URLS=https://debuginfod.ubuntu.com PYTHONPATH=/home/aghilas/tello_twin_ws/build/tello_twin_control/prefix_override:/usr/lib/python3/dist-packages/colcon_core/task/python/colcon_distutils_commands:/home/aghilas/tello_twin_ws/install/tello_twin_control/lib/python3.12/site-packages:${PYTHONPATH} /usr/bin/python3 -W ignore:setup.py install is deprecated -W ignore:easy_install command is deprecated setup.py egg_info --egg-base ../../build/tello_twin_control build --build-base /home/aghilas/tello_twin_ws/build/tello_twin_control/build install --record /home/aghilas/tello_twin_ws/build/tello_twin_control/install.log --single-version-externally-managed install_data
[1.743s] running egg_info
[1.767s] writing ../../build/tello_twin_control/tello_twin_control.egg-info/PKG-INFO
[1.768s] writing dependency_links to ../../build/tello_twin_control/tello_twin_control.egg-info/dependency_links.txt
[1.768s] writing entry points to ../../build/tello_twin_control/tello_twin_control.egg-info/entry_points.txt
[1.769s] writing requirements to ../../build/tello_twin_control/tello_twin_control.egg-info/requires.txt
[1.769s] writing top-level names to ../../build/tello_twin_control/tello_twin_control.egg-info/top_level.txt
[1.818s] reading manifest file '../../build/tello_twin_control/tello_twin_control.egg-info/SOURCES.txt'
[1.819s] writing manifest file '../../build/tello_twin_control/tello_twin_control.egg-info/SOURCES.txt'
[1.819s] running build
[1.819s] running build_py
[1.820s] running install
[1.828s] running install_lib
[1.853s] running install_data
[1.853s] running install_egg_info
[1.878s] removing '/home/aghilas/tello_twin_ws/install/tello_twin_control/lib/python3.12/site-packages/tello_twin_control-0.0.0-py3.12.egg-info' (and everything under it)
[1.878s] Copying ../../build/tello_twin_control/tello_twin_control.egg-info to /home/aghilas/tello_twin_ws/install/tello_twin_control/lib/python3.12/site-packages/tello_twin_control-0.0.0-py3.12.egg-info
[1.879s] running install_scripts
[2.036s] Installing cmd_test script to /home/aghilas/tello_twin_ws/install/tello_twin_control/lib/tello_twin_control
[2.037s] Installing simple_dynamics script to /home/aghilas/tello_twin_ws/install/tello_twin_control/lib/tello_twin_control
[2.037s] writing list of installed files to '/home/aghilas/tello_twin_ws/build/tello_twin_control/install.log'
[2.096s] Invoked command in '/home/aghilas/tello_twin_ws/src/tello_twin_control' returned '0': DEBUGINFOD_URLS=https://debuginfod.ubuntu.com PYTHONPATH=/home/aghilas/tello_twin_ws/build/tello_twin_control/prefix_override:/usr/lib/python3/dist-packages/colcon_core/task/python/colcon_distutils_commands:/home/aghilas/tello_twin_ws/install/tello_twin_control/lib/python3.12/site-packages:${PYTHONPATH} /usr/bin/python3 -W ignore:setup.py install is deprecated -W ignore:easy_install command is deprecated setup.py egg_info --egg-base ../../build/tello_twin_control build --build-base /home/aghilas/tello_twin_ws/build/tello_twin_control/build install --record /home/aghilas/tello_twin_ws/build/tello_twin_control/install.log --single-version-externally-managed install_data
