[0.119s] DEBUG:colcon:Command line arguments: ['/usr/bin/colcon', 'build']
[0.119s] DEBUG:colcon:Parsed command line arguments: Namespace(log_base=None, log_level=None, verb_name='build', build_base='build', install_base='install', merge_install=False, symlink_install=False, test_result_base=None, continue_on_error=False, executor='parallel', parallel_workers=8, event_handlers=None, ignore_user_meta=False, metas=['./colcon.meta'], base_paths=['.'], packages_ignore=None, packages_ignore_regex=None, paths=None, packages_up_to=None, packages_up_to_regex=None, packages_above=None, packages_above_and_dependencies=None, packages_above_depth=None, packages_select_by_dep=None, packages_skip_by_dep=None, packages_skip_up_to=None, packages_select_build_failed=False, packages_skip_build_finished=False, packages_select_test_failures=False, packages_skip_test_passed=False, packages_select=None, packages_skip=None, packages_select_regex=None, packages_skip_regex=None, packages_start=None, packages_end=None, allow_overriding=[], cmake_args=None, cmake_target=None, cmake_target_skip_unavailable=False, cmake_clean_cache=False, cmake_clean_first=False, cmake_force_configure=False, ament_cmake_args=None, catkin_cmake_args=None, catkin_skip_building_tests=False, verb_parser=<colcon_defaults.argument_parser.defaults.DefaultArgumentsDecorator object at 0x789b26249e20>, verb_extension=<colcon_core.verb.build.BuildVerb object at 0x789b26249a60>, main=<bound method BuildVerb.main of <colcon_core.verb.build.BuildVerb object at 0x789b26249a60>>)
[0.165s] Level 1:colcon.colcon_core.package_discovery:discover_packages(colcon_meta) check parameters
[0.165s] Level 1:colcon.colcon_core.package_discovery:discover_packages(recursive) check parameters
[0.165s] Level 1:colcon.colcon_core.package_discovery:discover_packages(ignore) check parameters
[0.165s] Level 1:colcon.colcon_core.package_discovery:discover_packages(path) check parameters
[0.165s] Level 1:colcon.colcon_core.package_discovery:discover_packages(colcon_meta) discover
[0.165s] Level 1:colcon.colcon_core.package_discovery:discover_packages(recursive) discover
[0.165s] INFO:colcon.colcon_core.package_discovery:Crawling recursively for packages in '/home/aghilas/tello_twin_ws'
[0.165s] Level 1:colcon.colcon_core.package_identification:_identify(.) by extensions ['ignore', 'ignore_ament_install']
[0.165s] Level 1:colcon.colcon_core.package_identification:_identify(.) by extension 'ignore'
[0.165s] Level 1:colcon.colcon_core.package_identification:_identify(.) by extension 'ignore_ament_install'
[0.165s] Level 1:colcon.colcon_core.package_identification:_identify(.) by extensions ['colcon_pkg']
[0.165s] Level 1:colcon.colcon_core.package_identification:_identify(.) by extension 'colcon_pkg'
[0.165s] Level 1:colcon.colcon_core.package_identification:_identify(.) by extensions ['colcon_meta']
[0.165s] Level 1:colcon.colcon_core.package_identification:_identify(.) by extension 'colcon_meta'
[0.165s] Level 1:colcon.colcon_core.package_identification:_identify(.) by extensions ['ros']
[0.165s] Level 1:colcon.colcon_core.package_identification:_identify(.) by extension 'ros'
[0.197s] Level 1:colcon.colcon_core.package_identification:_identify(.) by extensions ['cmake', 'python']
[0.197s] Level 1:colcon.colcon_core.package_identification:_identify(.) by extension 'cmake'
[0.198s] Level 1:colcon.colcon_core.package_identification:_identify(.) by extension 'python'
[0.198s] Level 1:colcon.colcon_core.package_identification:_identify(.) by extensions ['python_setup_py']
[0.198s] Level 1:colcon.colcon_core.package_identification:_identify(.) by extension 'python_setup_py'
[0.198s] Level 1:colcon.colcon_core.package_identification:_identify(build) by extensions ['ignore', 'ignore_ament_install']
[0.198s] Level 1:colcon.colcon_core.package_identification:_identify(build) by extension 'ignore'
[0.198s] Level 1:colcon.colcon_core.package_identification:_identify(build) ignored
[0.198s] Level 1:colcon.colcon_core.package_identification:_identify(install) by extensions ['ignore', 'ignore_ament_install']
[0.198s] Level 1:colcon.colcon_core.package_identification:_identify(install) by extension 'ignore'
[0.198s] Level 1:colcon.colcon_core.package_identification:_identify(install) ignored
[0.198s] Level 1:colcon.colcon_core.package_identification:_identify(log) by extensions ['ignore', 'ignore_ament_install']
[0.198s] Level 1:colcon.colcon_core.package_identification:_identify(log) by extension 'ignore'
[0.198s] Level 1:colcon.colcon_core.package_identification:_identify(log) ignored
[0.198s] Level 1:colcon.colcon_core.package_identification:_identify(src) by extensions ['ignore', 'ignore_ament_install']
[0.199s] Level 1:colcon.colcon_core.package_identification:_identify(src) by extension 'ignore'
[0.199s] Level 1:colcon.colcon_core.package_identification:_identify(src) by extension 'ignore_ament_install'
[0.199s] Level 1:colcon.colcon_core.package_identification:_identify(src) by extensions ['colcon_pkg']
[0.199s] Level 1:colcon.colcon_core.package_identification:_identify(src) by extension 'colcon_pkg'
[0.199s] Level 1:colcon.colcon_core.package_identification:_identify(src) by extensions ['colcon_meta']
[0.199s] Level 1:colcon.colcon_core.package_identification:_identify(src) by extension 'colcon_meta'
[0.199s] Level 1:colcon.colcon_core.package_identification:_identify(src) by extensions ['ros']
[0.199s] Level 1:colcon.colcon_core.package_identification:_identify(src) by extension 'ros'
[0.199s] Level 1:colcon.colcon_core.package_identification:_identify(src) by extensions ['cmake', 'python']
[0.199s] Level 1:colcon.colcon_core.package_identification:_identify(src) by extension 'cmake'
[0.199s] Level 1:colcon.colcon_core.package_identification:_identify(src) by extension 'python'
[0.199s] Level 1:colcon.colcon_core.package_identification:_identify(src) by extensions ['python_setup_py']
[0.199s] Level 1:colcon.colcon_core.package_identification:_identify(src) by extension 'python_setup_py'
[0.199s] Level 1:colcon.colcon_core.package_identification:_identify(src/tello_twin_bringup) by extensions ['ignore', 'ignore_ament_install']
[0.199s] Level 1:colcon.colcon_core.package_identification:_identify(src/tello_twin_bringup) by extension 'ignore'
[0.199s] Level 1:colcon.colcon_core.package_identification:_identify(src/tello_twin_bringup) by extension 'ignore_ament_install'
[0.199s] Level 1:colcon.colcon_core.package_identification:_identify(src/tello_twin_bringup) by extensions ['colcon_pkg']
[0.199s] Level 1:colcon.colcon_core.package_identification:_identify(src/tello_twin_bringup) by extension 'colcon_pkg'
[0.199s] Level 1:colcon.colcon_core.package_identification:_identify(src/tello_twin_bringup) by extensions ['colcon_meta']
[0.199s] Level 1:colcon.colcon_core.package_identification:_identify(src/tello_twin_bringup) by extension 'colcon_meta'
[0.199s] Level 1:colcon.colcon_core.package_identification:_identify(src/tello_twin_bringup) by extensions ['ros']
[0.199s] Level 1:colcon.colcon_core.package_identification:_identify(src/tello_twin_bringup) by extension 'ros'
[0.203s] DEBUG:colcon.colcon_core.package_identification:Package 'src/tello_twin_bringup' with type 'ros.ament_python' and name 'tello_twin_bringup'
[0.203s] Level 1:colcon.colcon_core.package_identification:_identify(src/tello_twin_control) by extensions ['ignore', 'ignore_ament_install']
[0.204s] Level 1:colcon.colcon_core.package_identification:_identify(src/tello_twin_control) by extension 'ignore'
[0.204s] Level 1:colcon.colcon_core.package_identification:_identify(src/tello_twin_control) by extension 'ignore_ament_install'
[0.204s] Level 1:colcon.colcon_core.package_identification:_identify(src/tello_twin_control) by extensions ['colcon_pkg']
[0.204s] Level 1:colcon.colcon_core.package_identification:_identify(src/tello_twin_control) by extension 'colcon_pkg'
[0.204s] Level 1:colcon.colcon_core.package_identification:_identify(src/tello_twin_control) by extensions ['colcon_meta']
[0.204s] Level 1:colcon.colcon_core.package_identification:_identify(src/tello_twin_control) by extension 'colcon_meta'
[0.204s] Level 1:colcon.colcon_core.package_identification:_identify(src/tello_twin_control) by extensions ['ros']
[0.204s] Level 1:colcon.colcon_core.package_identification:_identify(src/tello_twin_control) by extension 'ros'
[0.205s] DEBUG:colcon.colcon_core.package_identification:Package 'src/tello_twin_control' with type 'ros.ament_python' and name 'tello_twin_control'
[0.205s] Level 1:colcon.colcon_core.package_identification:_identify(src/tello_twin_logging) by extensions ['ignore', 'ignore_ament_install']
[0.205s] Level 1:colcon.colcon_core.package_identification:_identify(src/tello_twin_logging) by extension 'ignore'
[0.205s] Level 1:colcon.colcon_core.package_identification:_identify(src/tello_twin_logging) by extension 'ignore_ament_install'
[0.205s] Level 1:colcon.colcon_core.package_identification:_identify(src/tello_twin_logging) by extensions ['colcon_pkg']
[0.205s] Level 1:colcon.colcon_core.package_identification:_identify(src/tello_twin_logging) by extension 'colcon_pkg'
[0.205s] Level 1:colcon.colcon_core.package_identification:_identify(src/tello_twin_logging) by extensions ['colcon_meta']
[0.205s] Level 1:colcon.colcon_core.package_identification:_identify(src/tello_twin_logging) by extension 'colcon_meta'
[0.205s] Level 1:colcon.colcon_core.package_identification:_identify(src/tello_twin_logging) by extensions ['ros']
[0.205s] Level 1:colcon.colcon_core.package_identification:_identify(src/tello_twin_logging) by extension 'ros'
[0.206s] DEBUG:colcon.colcon_core.package_identification:Package 'src/tello_twin_logging' with type 'ros.ament_python' and name 'tello_twin_logging'
[0.206s] Level 1:colcon.colcon_core.package_identification:_identify(src/tello_twin_msgs) by extensions ['ignore', 'ignore_ament_install']
[0.206s] Level 1:colcon.colcon_core.package_identification:_identify(src/tello_twin_msgs) by extension 'ignore'
[0.207s] Level 1:colcon.colcon_core.package_identification:_identify(src/tello_twin_msgs) by extension 'ignore_ament_install'
[0.207s] Level 1:colcon.colcon_core.package_identification:_identify(src/tello_twin_msgs) by extensions ['colcon_pkg']
[0.207s] Level 1:colcon.colcon_core.package_identification:_identify(src/tello_twin_msgs) by extension 'colcon_pkg'
[0.207s] Level 1:colcon.colcon_core.package_identification:_identify(src/tello_twin_msgs) by extensions ['colcon_meta']
[0.207s] Level 1:colcon.colcon_core.package_identification:_identify(src/tello_twin_msgs) by extension 'colcon_meta'
[0.207s] Level 1:colcon.colcon_core.package_identification:_identify(src/tello_twin_msgs) by extensions ['ros']
[0.207s] Level 1:colcon.colcon_core.package_identification:_identify(src/tello_twin_msgs) by extension 'ros'
[0.207s] DEBUG:colcon.colcon_core.package_identification:Package 'src/tello_twin_msgs' with type 'ros.ament_python' and name 'tello_twin_msgs'
[0.207s] Level 1:colcon.colcon_core.package_discovery:discover_packages(recursive) using defaults
[0.208s] Level 1:colcon.colcon_core.package_discovery:discover_packages(ignore) discover
[0.208s] Level 1:colcon.colcon_core.package_discovery:discover_packages(ignore) using defaults
[0.208s] Level 1:colcon.colcon_core.package_discovery:discover_packages(path) discover
[0.208s] Level 1:colcon.colcon_core.package_discovery:discover_packages(path) using defaults
[0.230s] Level 1:colcon.colcon_core.package_discovery:discover_packages(prefix_path) check parameters
[0.230s] Level 1:colcon.colcon_core.package_discovery:discover_packages(prefix_path) discover
[0.232s] DEBUG:colcon.colcon_installed_package_information.package_discovery:Found 4 installed packages in /home/aghilas/tello_twin_ws/install
[0.233s] DEBUG:colcon.colcon_installed_package_information.package_discovery:Found 1 installed packages in /home/aghilas/ros2_ws/install
[0.234s] DEBUG:colcon.colcon_installed_package_information.package_discovery:Found 341 installed packages in /opt/ros/jazzy
[0.235s] Level 1:colcon.colcon_core.package_discovery:discover_packages(prefix_path) using defaults
[0.287s] Level 5:colcon.colcon_core.verb:set package 'tello_twin_control' build argument 'cmake_args' from command line to 'None'
[0.287s] Level 5:colcon.colcon_core.verb:set package 'tello_twin_control' build argument 'cmake_target' from command line to 'None'
[0.287s] Level 5:colcon.colcon_core.verb:set package 'tello_twin_control' build argument 'cmake_target_skip_unavailable' from command line to 'False'
[0.287s] Level 5:colcon.colcon_core.verb:set package 'tello_twin_control' build argument 'cmake_clean_cache' from command line to 'False'
[0.287s] Level 5:colcon.colcon_core.verb:set package 'tello_twin_control' build argument 'cmake_clean_first' from command line to 'False'
[0.288s] Level 5:colcon.colcon_core.verb:set package 'tello_twin_control' build argument 'cmake_force_configure' from command line to 'False'
[0.288s] Level 5:colcon.colcon_core.verb:set package 'tello_twin_control' build argument 'ament_cmake_args' from command line to 'None'
[0.288s] Level 5:colcon.colcon_core.verb:set package 'tello_twin_control' build argument 'catkin_cmake_args' from command line to 'None'
[0.288s] Level 5:colcon.colcon_core.verb:set package 'tello_twin_control' build argument 'catkin_skip_building_tests' from command line to 'False'
[0.288s] DEBUG:colcon.colcon_core.verb:Building package 'tello_twin_control' with the following arguments: {'ament_cmake_args': None, 'build_base': '/home/aghilas/tello_twin_ws/build/tello_twin_control', 'catkin_cmake_args': None, 'catkin_skip_building_tests': False, 'cmake_args': None, 'cmake_clean_cache': False, 'cmake_clean_first': False, 'cmake_force_configure': False, 'cmake_target': None, 'cmake_target_skip_unavailable': False, 'install_base': '/home/aghilas/tello_twin_ws/install/tello_twin_control', 'merge_install': False, 'path': '/home/aghilas/tello_twin_ws/src/tello_twin_control', 'symlink_install': False, 'test_result_base': None}
[0.288s] Level 5:colcon.colcon_core.verb:set package 'tello_twin_logging' build argument 'cmake_args' from command line to 'None'
[0.288s] Level 5:colcon.colcon_core.verb:set package 'tello_twin_logging' build argument 'cmake_target' from command line to 'None'
[0.288s] Level 5:colcon.colcon_core.verb:set package 'tello_twin_logging' build argument 'cmake_target_skip_unavailable' from command line to 'False'
[0.288s] Level 5:colcon.colcon_core.verb:set package 'tello_twin_logging' build argument 'cmake_clean_cache' from command line to 'False'
[0.288s] Level 5:colcon.colcon_core.verb:set package 'tello_twin_logging' build argument 'cmake_clean_first' from command line to 'False'
[0.288s] Level 5:colcon.colcon_core.verb:set package 'tello_twin_logging' build argument 'cmake_force_configure' from command line to 'False'
[0.288s] Level 5:colcon.colcon_core.verb:set package 'tello_twin_logging' build argument 'ament_cmake_args' from command line to 'None'
[0.288s] Level 5:colcon.colcon_core.verb:set package 'tello_twin_logging' build argument 'catkin_cmake_args' from command line to 'None'
[0.288s] Level 5:colcon.colcon_core.verb:set package 'tello_twin_logging' build argument 'catkin_skip_building_tests' from command line to 'False'
[0.288s] DEBUG:colcon.colcon_core.verb:Building package 'tello_twin_logging' with the following arguments: {'ament_cmake_args': None, 'build_base': '/home/aghilas/tello_twin_ws/build/tello_twin_logging', 'catkin_cmake_args': None, 'catkin_skip_building_tests': False, 'cmake_args': None, 'cmake_clean_cache': False, 'cmake_clean_first': False, 'cmake_force_configure': False, 'cmake_target': None, 'cmake_target_skip_unavailable': False, 'install_base': '/home/aghilas/tello_twin_ws/install/tello_twin_logging', 'merge_install': False, 'path': '/home/aghilas/tello_twin_ws/src/tello_twin_logging', 'symlink_install': False, 'test_result_base': None}
[0.289s] Level 5:colcon.colcon_core.verb:set package 'tello_twin_msgs' build argument 'cmake_args' from command line to 'None'
[0.289s] Level 5:colcon.colcon_core.verb:set package 'tello_twin_msgs' build argument 'cmake_target' from command line to 'None'
[0.289s] Level 5:colcon.colcon_core.verb:set package 'tello_twin_msgs' build argument 'cmake_target_skip_unavailable' from command line to 'False'
[0.289s] Level 5:colcon.colcon_core.verb:set package 'tello_twin_msgs' build argument 'cmake_clean_cache' from command line to 'False'
[0.289s] Level 5:colcon.colcon_core.verb:set package 'tello_twin_msgs' build argument 'cmake_clean_first' from command line to 'False'
[0.289s] Level 5:colcon.colcon_core.verb:set package 'tello_twin_msgs' build argument 'cmake_force_configure' from command line to 'False'
[0.289s] Level 5:colcon.colcon_core.verb:set package 'tello_twin_msgs' build argument 'ament_cmake_args' from command line to 'None'
[0.289s] Level 5:colcon.colcon_core.verb:set package 'tello_twin_msgs' build argument 'catkin_cmake_args' from command line to 'None'
[0.289s] Level 5:colcon.colcon_core.verb:set package 'tello_twin_msgs' build argument 'catkin_skip_building_tests' from command line to 'False'
[0.289s] DEBUG:colcon.colcon_core.verb:Building package 'tello_twin_msgs' with the following arguments: {'ament_cmake_args': None, 'build_base': '/home/aghilas/tello_twin_ws/build/tello_twin_msgs', 'catkin_cmake_args': None, 'catkin_skip_building_tests': False, 'cmake_args': None, 'cmake_clean_cache': False, 'cmake_clean_first': False, 'cmake_force_configure': False, 'cmake_target': None, 'cmake_target_skip_unavailable': False, 'install_base': '/home/aghilas/tello_twin_ws/install/tello_twin_msgs', 'merge_install': False, 'path': '/home/aghilas/tello_twin_ws/src/tello_twin_msgs', 'symlink_install': False, 'test_result_base': None}
[0.289s] Level 5:colcon.colcon_core.verb:set package 'tello_twin_bringup' build argument 'cmake_args' from command line to 'None'
[0.289s] Level 5:colcon.colcon_core.verb:set package 'tello_twin_bringup' build argument 'cmake_target' from command line to 'None'
[0.289s] Level 5:colcon.colcon_core.verb:set package 'tello_twin_bringup' build argument 'cmake_target_skip_unavailable' from command line to 'False'
[0.289s] Level 5:colcon.colcon_core.verb:set package 'tello_twin_bringup' build argument 'cmake_clean_cache' from command line to 'False'
[0.289s] Level 5:colcon.colcon_core.verb:set package 'tello_twin_bringup' build argument 'cmake_clean_first' from command line to 'False'
[0.289s] Level 5:colcon.colcon_core.verb:set package 'tello_twin_bringup' build argument 'cmake_force_configure' from command line to 'False'
[0.289s] Level 5:colcon.colcon_core.verb:set package 'tello_twin_bringup' build argument 'ament_cmake_args' from command line to 'None'
[0.289s] Level 5:colcon.colcon_core.verb:set package 'tello_twin_bringup' build argument 'catkin_cmake_args' from command line to 'None'
[0.289s] Level 5:colcon.colcon_core.verb:set package 'tello_twin_bringup' build argument 'catkin_skip_building_tests' from command line to 'False'
[0.289s] DEBUG:colcon.colcon_core.verb:Building package 'tello_twin_bringup' with the following arguments: {'ament_cmake_args': None, 'build_base': '/home/aghilas/tello_twin_ws/build/tello_twin_bringup', 'catkin_cmake_args': None, 'catkin_skip_building_tests': False, 'cmake_args': None, 'cmake_clean_cache': False, 'cmake_clean_first': False, 'cmake_force_configure': False, 'cmake_target': None, 'cmake_target_skip_unavailable': False, 'install_base': '/home/aghilas/tello_twin_ws/install/tello_twin_bringup', 'merge_install': False, 'path': '/home/aghilas/tello_twin_ws/src/tello_twin_bringup', 'symlink_install': False, 'test_result_base': None}
[0.289s] INFO:colcon.colcon_core.executor:Executing jobs using 'parallel' executor
[0.291s] DEBUG:colcon.colcon_parallel_executor.executor.parallel:run_until_complete
[0.291s] INFO:colcon.colcon_ros.task.ament_python.build:Building ROS package in '/home/aghilas/tello_twin_ws/src/tello_twin_control' with build type 'ament_python'
[0.291s] Level 1:colcon.colcon_core.shell:create_environment_hook('tello_twin_control', 'ament_prefix_path')
[0.294s] INFO:colcon.colcon_core.plugin_system:Skipping extension 'colcon_core.shell.bat': Not used on non-Windows systems
[0.294s] INFO:colcon.colcon_core.shell:Creating environment hook '/home/aghilas/tello_twin_ws/install/tello_twin_control/share/tello_twin_control/hook/ament_prefix_path.ps1'
[0.295s] INFO:colcon.colcon_core.shell:Creating environment descriptor '/home/aghilas/tello_twin_ws/install/tello_twin_control/share/tello_twin_control/hook/ament_prefix_path.dsv'
[0.296s] INFO:colcon.colcon_core.shell:Creating environment hook '/home/aghilas/tello_twin_ws/install/tello_twin_control/share/tello_twin_control/hook/ament_prefix_path.sh'
[0.296s] INFO:colcon.colcon_core.shell:Skip shell extension 'powershell' for command environment: Not usable outside of PowerShell
[0.296s] DEBUG:colcon.colcon_core.shell:Skip shell extension 'dsv' for command environment
[0.300s] INFO:colcon.colcon_ros.task.ament_python.build:Building ROS package in '/home/aghilas/tello_twin_ws/src/tello_twin_logging' with build type 'ament_python'
[0.300s] Level 1:colcon.colcon_core.shell:create_environment_hook('tello_twin_logging', 'ament_prefix_path')
[0.300s] INFO:colcon.colcon_core.shell:Creating environment hook '/home/aghilas/tello_twin_ws/install/tello_twin_logging/share/tello_twin_logging/hook/ament_prefix_path.ps1'
[0.301s] INFO:colcon.colcon_core.shell:Creating environment descriptor '/home/aghilas/tello_twin_ws/install/tello_twin_logging/share/tello_twin_logging/hook/ament_prefix_path.dsv'
[0.301s] INFO:colcon.colcon_core.shell:Creating environment hook '/home/aghilas/tello_twin_ws/install/tello_twin_logging/share/tello_twin_logging/hook/ament_prefix_path.sh'
[0.301s] INFO:colcon.colcon_core.shell:Skip shell extension 'powershell' for command environment: Not usable outside of PowerShell
[0.302s] DEBUG:colcon.colcon_core.shell:Skip shell extension 'dsv' for command environment
[0.306s] INFO:colcon.colcon_ros.task.ament_python.build:Building ROS package in '/home/aghilas/tello_twin_ws/src/tello_twin_msgs' with build type 'ament_python'
[0.306s] Level 1:colcon.colcon_core.shell:create_environment_hook('tello_twin_msgs', 'ament_prefix_path')
[0.306s] INFO:colcon.colcon_core.shell:Creating environment hook '/home/aghilas/tello_twin_ws/install/tello_twin_msgs/share/tello_twin_msgs/hook/ament_prefix_path.ps1'
[0.307s] INFO:colcon.colcon_core.shell:Creating environment descriptor '/home/aghilas/tello_twin_ws/install/tello_twin_msgs/share/tello_twin_msgs/hook/ament_prefix_path.dsv'
[0.308s] INFO:colcon.colcon_core.shell:Creating environment hook '/home/aghilas/tello_twin_ws/install/tello_twin_msgs/share/tello_twin_msgs/hook/ament_prefix_path.sh'
[0.308s] INFO:colcon.colcon_core.shell:Skip shell extension 'powershell' for command environment: Not usable outside of PowerShell
[0.308s] DEBUG:colcon.colcon_core.shell:Skip shell extension 'dsv' for command environment
[0.564s] INFO:colcon.colcon_core.task.python.build:Building Python package in '/home/aghilas/tello_twin_ws/src/tello_twin_control'
[0.564s] INFO:colcon.colcon_core.shell:Skip shell extension 'powershell' for command environment: Not usable outside of PowerShell
[0.564s] DEBUG:colcon.colcon_core.shell:Skip shell extension 'dsv' for command environment
[0.825s] INFO:colcon.colcon_core.task.python.build:Building Python package in '/home/aghilas/tello_twin_ws/src/tello_twin_logging'
[0.825s] INFO:colcon.colcon_core.shell:Skip shell extension 'powershell' for command environment: Not usable outside of PowerShell
[0.825s] DEBUG:colcon.colcon_core.shell:Skip shell extension 'dsv' for command environment
[1.069s] INFO:colcon.colcon_core.task.python.build:Building Python package in '/home/aghilas/tello_twin_ws/src/tello_twin_msgs'
[1.069s] INFO:colcon.colcon_core.shell:Skip shell extension 'powershell' for command environment: Not usable outside of PowerShell
[1.069s] DEBUG:colcon.colcon_core.shell:Skip shell extension 'dsv' for command environment
[1.765s] DEBUG:colcon.colcon_core.event_handler.log_command:Invoking command in '/home/aghilas/tello_twin_ws/src/tello_twin_msgs': DEBUGINFOD_URLS=https://debuginfod.ubuntu.com PYTHONPATH=/home/aghilas/tello_twin_ws/build/tello_twin_msgs/prefix_override:/usr/lib/python3/dist-packages/colcon_core/task/python/colcon_distutils_commands:/home/aghilas/tello_twin_ws/install/tello_twin_msgs/lib/python3.12/site-packages:${PYTHONPATH} /usr/bin/python3 -W ignore:setup.py install is deprecated -W ignore:easy_install command is deprecated setup.py egg_info --egg-base ../../build/tello_twin_msgs build --build-base /home/aghilas/tello_twin_ws/build/tello_twin_msgs/build install --record /home/aghilas/tello_twin_ws/build/tello_twin_msgs/install.log --single-version-externally-managed install_data
[1.769s] DEBUG:colcon.colcon_core.event_handler.log_command:Invoking command in '/home/aghilas/tello_twin_ws/src/tello_twin_logging': DEBUGINFOD_URLS=https://debuginfod.ubuntu.com PYTHONPATH=/home/aghilas/tello_twin_ws/build/tello_twin_logging/prefix_override:/usr/lib/python3/dist-packages/colcon_core/task/python/colcon_distutils_commands:/home/aghilas/tello_twin_ws/install/tello_twin_logging/lib/python3.12/site-packages:${PYTHONPATH} /usr/bin/python3 -W ignore:setup.py install is deprecated -W ignore:easy_install command is deprecated setup.py egg_info --egg-base ../../build/tello_twin_logging build --build-base /home/aghilas/tello_twin_ws/build/tello_twin_logging/build install --record /home/aghilas/tello_twin_ws/build/tello_twin_logging/install.log --single-version-externally-managed install_data
[1.786s] DEBUG:colcon.colcon_core.event_handler.log_command:Invoking command in '/home/aghilas/tello_twin_ws/src/tello_twin_control': DEBUGINFOD_URLS=https://debuginfod.ubuntu.com PYTHONPATH=/home/aghilas/tello_twin_ws/build/tello_twin_control/prefix_override:/usr/lib/python3/dist-packages/colcon_core/task/python/colcon_distutils_commands:/home/aghilas/tello_twin_ws/install/tello_twin_control/lib/python3.12/site-packages:${PYTHONPATH} /usr/bin/python3 -W ignore:setup.py install is deprecated -W ignore:easy_install command is deprecated setup.py egg_info --egg-base ../../build/tello_twin_control build --build-base /home/aghilas/tello_twin_ws/build/tello_twin_control/build install --record /home/aghilas/tello_twin_ws/build/tello_twin_control/install.log --single-version-externally-managed install_data
[2.419s] DEBUG:colcon.colcon_core.event_handler.log_command:Invoked command in '/home/aghilas/tello_twin_ws/src/tello_twin_logging' returned '0': DEBUGINFOD_URLS=https://debuginfod.ubuntu.com PYTHONPATH=/home/aghilas/tello_twin_ws/build/tello_twin_logging/prefix_override:/usr/lib/python3/dist-packages/colcon_core/task/python/colcon_distutils_commands:/home/aghilas/tello_twin_ws/install/tello_twin_logging/lib/python3.12/site-packages:${PYTHONPATH} /usr/bin/python3 -W ignore:setup.py install is deprecated -W ignore:easy_install command is deprecated setup.py egg_info --egg-base ../../build/tello_twin_logging build --build-base /home/aghilas/tello_twin_ws/build/tello_twin_logging/build install --record /home/aghilas/tello_twin_ws/build/tello_twin_logging/install.log --single-version-externally-managed install_data
[2.422s] Level 1:colcon.colcon_core.environment:checking '/home/aghilas/tello_twin_ws/install/tello_twin_logging' for CMake module files
[2.423s] Level 1:colcon.colcon_core.environment:checking '/home/aghilas/tello_twin_ws/install/tello_twin_logging' for CMake config files
[2.424s] Level 1:colcon.colcon_core.environment:checking '/home/aghilas/tello_twin_ws/install/tello_twin_logging/lib'
[2.424s] Level 1:colcon.colcon_core.environment:checking '/home/aghilas/tello_twin_ws/install/tello_twin_logging/bin'
[2.424s] Level 1:colcon.colcon_core.environment:checking '/home/aghilas/tello_twin_ws/install/tello_twin_logging/lib/pkgconfig/tello_twin_logging.pc'
[2.424s] Level 1:colcon.colcon_core.environment:checking '/home/aghilas/tello_twin_ws/install/tello_twin_logging/lib/python3.12/site-packages'
[2.424s] Level 1:colcon.colcon_core.shell:create_environment_hook('tello_twin_logging', 'pythonpath')
[2.425s] INFO:colcon.colcon_core.shell:Creating environment hook '/home/aghilas/tello_twin_ws/install/tello_twin_logging/share/tello_twin_logging/hook/pythonpath.ps1'
[2.425s] INFO:colcon.colcon_core.shell:Creating environment descriptor '/home/aghilas/tello_twin_ws/install/tello_twin_logging/share/tello_twin_logging/hook/pythonpath.dsv'
[2.426s] INFO:colcon.colcon_core.shell:Creating environment hook '/home/aghilas/tello_twin_ws/install/tello_twin_logging/share/tello_twin_logging/hook/pythonpath.sh'
[2.427s] Level 1:colcon.colcon_core.environment:checking '/home/aghilas/tello_twin_ws/install/tello_twin_logging/bin'
[2.427s] Level 1:colcon.colcon_core.environment:create_environment_scripts_only(tello_twin_logging)
[2.427s] INFO:colcon.colcon_core.shell:Creating package script '/home/aghilas/tello_twin_ws/install/tello_twin_logging/share/tello_twin_logging/package.ps1'
[2.428s] INFO:colcon.colcon_core.shell:Creating package descriptor '/home/aghilas/tello_twin_ws/install/tello_twin_logging/share/tello_twin_logging/package.dsv'
[2.428s] INFO:colcon.colcon_core.shell:Creating package script '/home/aghilas/tello_twin_ws/install/tello_twin_logging/share/tello_twin_logging/package.sh'
[2.429s] INFO:colcon.colcon_core.shell:Creating package script '/home/aghilas/tello_twin_ws/install/tello_twin_logging/share/tello_twin_logging/package.bash'
[2.430s] INFO:colcon.colcon_core.shell:Creating package script '/home/aghilas/tello_twin_ws/install/tello_twin_logging/share/tello_twin_logging/package.zsh'
[2.431s] Level 1:colcon.colcon_core.environment:create_file_with_runtime_dependencies(/home/aghilas/tello_twin_ws/install/tello_twin_logging/share/colcon-core/packages/tello_twin_logging)
[2.432s] Level 1:colcon.colcon_core.environment:checking '/home/aghilas/tello_twin_ws/install/tello_twin_msgs' for CMake module files
[2.433s] Level 1:colcon.colcon_core.environment:checking '/home/aghilas/tello_twin_ws/install/tello_twin_msgs' for CMake config files
[2.433s] DEBUG:colcon.colcon_core.event_handler.log_command:Invoked command in '/home/aghilas/tello_twin_ws/src/tello_twin_msgs' returned '0': DEBUGINFOD_URLS=https://debuginfod.ubuntu.com PYTHONPATH=/home/aghilas/tello_twin_ws/build/tello_twin_msgs/prefix_override:/usr/lib/python3/dist-packages/colcon_core/task/python/colcon_distutils_commands:/home/aghilas/tello_twin_ws/install/tello_twin_msgs/lib/python3.12/site-packages:${PYTHONPATH} /usr/bin/python3 -W ignore:setup.py install is deprecated -W ignore:easy_install command is deprecated setup.py egg_info --egg-base ../../build/tello_twin_msgs build --build-base /home/aghilas/tello_twin_ws/build/tello_twin_msgs/build install --record /home/aghilas/tello_twin_ws/build/tello_twin_msgs/install.log --single-version-externally-managed install_data
[2.434s] Level 1:colcon.colcon_core.environment:checking '/home/aghilas/tello_twin_ws/install/tello_twin_msgs/lib'
[2.434s] Level 1:colcon.colcon_core.environment:checking '/home/aghilas/tello_twin_ws/install/tello_twin_msgs/bin'
[2.434s] Level 1:colcon.colcon_core.environment:checking '/home/aghilas/tello_twin_ws/install/tello_twin_msgs/lib/pkgconfig/tello_twin_msgs.pc'
[2.434s] Level 1:colcon.colcon_core.environment:checking '/home/aghilas/tello_twin_ws/install/tello_twin_msgs/lib/python3.12/site-packages'
[2.434s] Level 1:colcon.colcon_core.shell:create_environment_hook('tello_twin_msgs', 'pythonpath')
[2.435s] INFO:colcon.colcon_core.shell:Creating environment hook '/home/aghilas/tello_twin_ws/install/tello_twin_msgs/share/tello_twin_msgs/hook/pythonpath.ps1'
[2.435s] INFO:colcon.colcon_core.shell:Creating environment descriptor '/home/aghilas/tello_twin_ws/install/tello_twin_msgs/share/tello_twin_msgs/hook/pythonpath.dsv'
[2.436s] INFO:colcon.colcon_core.shell:Creating environment hook '/home/aghilas/tello_twin_ws/install/tello_twin_msgs/share/tello_twin_msgs/hook/pythonpath.sh'
[2.437s] Level 1:colcon.colcon_core.environment:checking '/home/aghilas/tello_twin_ws/install/tello_twin_msgs/bin'
[2.437s] Level 1:colcon.colcon_core.environment:create_environment_scripts_only(tello_twin_msgs)
[2.437s] INFO:colcon.colcon_core.shell:Creating package script '/home/aghilas/tello_twin_ws/install/tello_twin_msgs/share/tello_twin_msgs/package.ps1'
[2.437s] INFO:colcon.colcon_core.shell:Creating package descriptor '/home/aghilas/tello_twin_ws/install/tello_twin_msgs/share/tello_twin_msgs/package.dsv'
[2.438s] INFO:colcon.colcon_core.shell:Creating package script '/home/aghilas/tello_twin_ws/install/tello_twin_msgs/share/tello_twin_msgs/package.sh'
[2.438s] INFO:colcon.colcon_core.shell:Creating package script '/home/aghilas/tello_twin_ws/install/tello_twin_msgs/share/tello_twin_msgs/package.bash'
[2.438s] INFO:colcon.colcon_core.shell:Creating package script '/home/aghilas/tello_twin_ws/install/tello_twin_msgs/share/tello_twin_msgs/package.zsh'
[2.439s] Level 1:colcon.colcon_core.environment:create_file_with_runtime_dependencies(/home/aghilas/tello_twin_ws/install/tello_twin_msgs/share/colcon-core/packages/tello_twin_msgs)
[2.440s] Level 1:colcon.colcon_core.environment:checking '/home/aghilas/tello_twin_ws/install/tello_twin_control' for CMake module files
[2.441s] DEBUG:colcon.colcon_core.event_handler.log_command:Invoked command in '/home/aghilas/tello_twin_ws/src/tello_twin_control' returned '0': DEBUGINFOD_URLS=https://debuginfod.ubuntu.com PYTHONPATH=/home/aghilas/tello_twin_ws/build/tello_twin_control/prefix_override:/usr/lib/python3/dist-packages/colcon_core/task/python/colcon_distutils_commands:/home/aghilas/tello_twin_ws/install/tello_twin_control/lib/python3.12/site-packages:${PYTHONPATH} /usr/bin/python3 -W ignore:setup.py install is deprecated -W ignore:easy_install command is deprecated setup.py egg_info --egg-base ../../build/tello_twin_control build --build-base /home/aghilas/tello_twin_ws/build/tello_twin_control/build install --record /home/aghilas/tello_twin_ws/build/tello_twin_control/install.log --single-version-externally-managed install_data
[2.441s] Level 1:colcon.colcon_core.environment:checking '/home/aghilas/tello_twin_ws/install/tello_twin_control' for CMake config files
[2.442s] Level 1:colcon.colcon_core.environment:checking '/home/aghilas/tello_twin_ws/install/tello_twin_control/lib'
[2.442s] Level 1:colcon.colcon_core.environment:checking '/home/aghilas/tello_twin_ws/install/tello_twin_control/bin'
[2.442s] Level 1:colcon.colcon_core.environment:checking '/home/aghilas/tello_twin_ws/install/tello_twin_control/lib/pkgconfig/tello_twin_control.pc'
[2.442s] Level 1:colcon.colcon_core.environment:checking '/home/aghilas/tello_twin_ws/install/tello_twin_control/lib/python3.12/site-packages'
[2.443s] Level 1:colcon.colcon_core.shell:create_environment_hook('tello_twin_control', 'pythonpath')
[2.443s] INFO:colcon.colcon_core.shell:Creating environment hook '/home/aghilas/tello_twin_ws/install/tello_twin_control/share/tello_twin_control/hook/pythonpath.ps1'
[2.443s] INFO:colcon.colcon_core.shell:Creating environment descriptor '/home/aghilas/tello_twin_ws/install/tello_twin_control/share/tello_twin_control/hook/pythonpath.dsv'
[2.444s] INFO:colcon.colcon_core.shell:Creating environment hook '/home/aghilas/tello_twin_ws/install/tello_twin_control/share/tello_twin_control/hook/pythonpath.sh'
[2.445s] Level 1:colcon.colcon_core.environment:checking '/home/aghilas/tello_twin_ws/install/tello_twin_control/bin'
[2.445s] Level 1:colcon.colcon_core.environment:create_environment_scripts_only(tello_twin_control)
[2.445s] INFO:colcon.colcon_core.shell:Creating package script '/home/aghilas/tello_twin_ws/install/tello_twin_control/share/tello_twin_control/package.ps1'
[2.446s] INFO:colcon.colcon_core.shell:Creating package descriptor '/home/aghilas/tello_twin_ws/install/tello_twin_control/share/tello_twin_control/package.dsv'
[2.446s] INFO:colcon.colcon_core.shell:Creating package script '/home/aghilas/tello_twin_ws/install/tello_twin_control/share/tello_twin_control/package.sh'
[2.446s] INFO:colcon.colcon_core.shell:Creating package script '/home/aghilas/tello_twin_ws/install/tello_twin_control/share/tello_twin_control/package.bash'
[2.447s] INFO:colcon.colcon_core.shell:Creating package script '/home/aghilas/tello_twin_ws/install/tello_twin_control/share/tello_twin_control/package.zsh'
[2.447s] Level 1:colcon.colcon_core.environment:create_file_with_runtime_dependencies(/home/aghilas/tello_twin_ws/install/tello_twin_control/share/colcon-core/packages/tello_twin_control)
[2.448s] INFO:colcon.colcon_ros.task.ament_python.build:Building ROS package in '/home/aghilas/tello_twin_ws/src/tello_twin_bringup' with build type 'ament_python'
[2.448s] Level 1:colcon.colcon_core.shell:create_environment_hook('tello_twin_bringup', 'ament_prefix_path')
[2.448s] INFO:colcon.colcon_core.shell:Creating environment hook '/home/aghilas/tello_twin_ws/install/tello_twin_bringup/share/tello_twin_bringup/hook/ament_prefix_path.ps1'
[2.449s] INFO:colcon.colcon_core.shell:Creating environment descriptor '/home/aghilas/tello_twin_ws/install/tello_twin_bringup/share/tello_twin_bringup/hook/ament_prefix_path.dsv'
[2.450s] INFO:colcon.colcon_core.shell:Creating environment hook '/home/aghilas/tello_twin_ws/install/tello_twin_bringup/share/tello_twin_bringup/hook/ament_prefix_path.sh'
[2.450s] INFO:colcon.colcon_core.shell:Skip shell extension 'powershell' for command environment: Not usable outside of PowerShell
[2.450s] DEBUG:colcon.colcon_core.shell:Skip shell extension 'dsv' for command environment
[2.738s] INFO:colcon.colcon_core.task.python.build:Building Python package in '/home/aghilas/tello_twin_ws/src/tello_twin_bringup'
[2.738s] INFO:colcon.colcon_core.shell:Skip shell extension 'powershell' for command environment: Not usable outside of PowerShell
[2.738s] DEBUG:colcon.colcon_core.shell:Skip shell extension 'dsv' for command environment
[3.421s] DEBUG:colcon.colcon_core.event_handler.log_command:Invoking command in '/home/aghilas/tello_twin_ws/src/tello_twin_bringup': AMENT_PREFIX_PATH=/home/aghilas/tello_twin_ws/install/tello_twin_logging:/home/aghilas/tello_twin_ws/install/tello_twin_control:/home/aghilas/tello_twin_ws/install/tello_twin_msgs:/home/aghilas/tello_twin_ws/install/tello_twin_bringup:/home/aghilas/ros2_ws/install/my_custom_srv:/opt/ros/jazzy DEBUGINFOD_URLS=https://debuginfod.ubuntu.com PYTHONPATH=/home/aghilas/tello_twin_ws/build/tello_twin_bringup/prefix_override:/usr/lib/python3/dist-packages/colcon_core/task/python/colcon_distutils_commands:/home/aghilas/tello_twin_ws/install/tello_twin_bringup/lib/python3.12/site-packages:/home/aghilas/tello_twin_ws/install/tello_twin_logging/lib/python3.12/site-packages:/home/aghilas/tello_twin_ws/install/tello_twin_control/lib/python3.12/site-packages:/home/aghilas/tello_twin_ws/install/tello_twin_msgs/lib/python3.12/site-packages:/home/aghilas/tello_twin_ws/install/tello_twin_bringup/lib/python3.12/site-packages:/home/aghilas/ros2_ws/install/my_custom_srv/lib/python3.12/site-packages:/opt/ros/jazzy/lib/python3.12/site-packages /usr/bin/python3 -W ignore:setup.py install is deprecated -W ignore:easy_install command is deprecated setup.py egg_info --egg-base ../../build/tello_twin_bringup build --build-base /home/aghilas/tello_twin_ws/build/tello_twin_bringup/build install --record /home/aghilas/tello_twin_ws/build/tello_twin_bringup/install.log --single-version-externally-managed install_data
[4.015s] Level 1:colcon.colcon_core.environment:checking '/home/aghilas/tello_twin_ws/install/tello_twin_bringup' for CMake module files
[4.016s] DEBUG:colcon.colcon_core.event_handler.log_command:Invoked command in '/home/aghilas/tello_twin_ws/src/tello_twin_bringup' returned '0': AMENT_PREFIX_PATH=/home/aghilas/tello_twin_ws/install/tello_twin_logging:/home/aghilas/tello_twin_ws/install/tello_twin_control:/home/aghilas/tello_twin_ws/install/tello_twin_msgs:/home/aghilas/tello_twin_ws/install/tello_twin_bringup:/home/aghilas/ros2_ws/install/my_custom_srv:/opt/ros/jazzy DEBUGINFOD_URLS=https://debuginfod.ubuntu.com PYTHONPATH=/home/aghilas/tello_twin_ws/build/tello_twin_bringup/prefix_override:/usr/lib/python3/dist-packages/colcon_core/task/python/colcon_distutils_commands:/home/aghilas/tello_twin_ws/install/tello_twin_bringup/lib/python3.12/site-packages:/home/aghilas/tello_twin_ws/install/tello_twin_logging/lib/python3.12/site-packages:/home/aghilas/tello_twin_ws/install/tello_twin_control/lib/python3.12/site-packages:/home/aghilas/tello_twin_ws/install/tello_twin_msgs/lib/python3.12/site-packages:/home/aghilas/tello_twin_ws/install/tello_twin_bringup/lib/python3.12/site-packages:/home/aghilas/ros2_ws/install/my_custom_srv/lib/python3.12/site-packages:/opt/ros/jazzy/lib/python3.12/site-packages /usr/bin/python3 -W ignore:setup.py install is deprecated -W ignore:easy_install command is deprecated setup.py egg_info --egg-base ../../build/tello_twin_bringup build --build-base /home/aghilas/tello_twin_ws/build/tello_twin_bringup/build install --record /home/aghilas/tello_twin_ws/build/tello_twin_bringup/install.log --single-version-externally-managed install_data
[4.016s] Level 1:colcon.colcon_core.environment:checking '/home/aghilas/tello_twin_ws/install/tello_twin_bringup' for CMake config files
[4.016s] Level 1:colcon.colcon_core.environment:checking '/home/aghilas/tello_twin_ws/install/tello_twin_bringup/lib'
[4.017s] Level 1:colcon.colcon_core.environment:checking '/home/aghilas/tello_twin_ws/install/tello_twin_bringup/bin'
[4.017s] Level 1:colcon.colcon_core.environment:checking '/home/aghilas/tello_twin_ws/install/tello_twin_bringup/lib/pkgconfig/tello_twin_bringup.pc'
[4.017s] Level 1:colcon.colcon_core.environment:checking '/home/aghilas/tello_twin_ws/install/tello_twin_bringup/lib/python3.12/site-packages'
[4.017s] Level 1:colcon.colcon_core.shell:create_environment_hook('tello_twin_bringup', 'pythonpath')
[4.017s] INFO:colcon.colcon_core.shell:Creating environment hook '/home/aghilas/tello_twin_ws/install/tello_twin_bringup/share/tello_twin_bringup/hook/pythonpath.ps1'
[4.018s] INFO:colcon.colcon_core.shell:Creating environment descriptor '/home/aghilas/tello_twin_ws/install/tello_twin_bringup/share/tello_twin_bringup/hook/pythonpath.dsv'
[4.018s] INFO:colcon.colcon_core.shell:Creating environment hook '/home/aghilas/tello_twin_ws/install/tello_twin_bringup/share/tello_twin_bringup/hook/pythonpath.sh'
[4.019s] Level 1:colcon.colcon_core.environment:checking '/home/aghilas/tello_twin_ws/install/tello_twin_bringup/bin'
[4.019s] Level 1:colcon.colcon_core.environment:create_environment_scripts_only(tello_twin_bringup)
[4.019s] INFO:colcon.colcon_core.shell:Creating package script '/home/aghilas/tello_twin_ws/install/tello_twin_bringup/share/tello_twin_bringup/package.ps1'
[4.020s] INFO:colcon.colcon_core.shell:Creating package descriptor '/home/aghilas/tello_twin_ws/install/tello_twin_bringup/share/tello_twin_bringup/package.dsv'
[4.020s] INFO:colcon.colcon_core.shell:Creating package script '/home/aghilas/tello_twin_ws/install/tello_twin_bringup/share/tello_twin_bringup/package.sh'
[4.020s] INFO:colcon.colcon_core.shell:Creating package script '/home/aghilas/tello_twin_ws/install/tello_twin_bringup/share/tello_twin_bringup/package.bash'
[4.021s] INFO:colcon.colcon_core.shell:Creating package script '/home/aghilas/tello_twin_ws/install/tello_twin_bringup/share/tello_twin_bringup/package.zsh'
[4.021s] Level 1:colcon.colcon_core.environment:create_file_with_runtime_dependencies(/home/aghilas/tello_twin_ws/install/tello_twin_bringup/share/colcon-core/packages/tello_twin_bringup)
[4.021s] DEBUG:colcon.colcon_parallel_executor.executor.parallel:closing loop
[4.022s] DEBUG:colcon.colcon_parallel_executor.executor.parallel:loop closed
[4.022s] DEBUG:colcon.colcon_parallel_executor.executor.parallel:run_until_complete finished with '0'
[4.022s] DEBUG:colcon.colcon_core.event_reactor:joining thread
[4.028s] INFO:colcon.colcon_core.plugin_system:Skipping extension 'colcon_notification.desktop_notification.terminal_notifier': Not used on non-Darwin systems
[4.028s] INFO:colcon.colcon_core.plugin_system:Skipping extension 'colcon_notification.desktop_notification.win32': Not used on non-Windows systems
[4.028s] INFO:colcon.colcon_notification.desktop_notification:Sending desktop notification using 'notify2'
[4.044s] DEBUG:colcon.colcon_core.event_reactor:joined thread
[4.044s] INFO:colcon.colcon_core.shell:Creating prefix script '/home/aghilas/tello_twin_ws/install/local_setup.ps1'
[4.046s] INFO:colcon.colcon_core.shell:Creating prefix util module '/home/aghilas/tello_twin_ws/install/_local_setup_util_ps1.py'
[4.047s] INFO:colcon.colcon_core.shell:Creating prefix chain script '/home/aghilas/tello_twin_ws/install/setup.ps1'
[4.050s] INFO:colcon.colcon_core.shell:Creating prefix script '/home/aghilas/tello_twin_ws/install/local_setup.sh'
[4.051s] INFO:colcon.colcon_core.shell:Creating prefix util module '/home/aghilas/tello_twin_ws/install/_local_setup_util_sh.py'
[4.052s] INFO:colcon.colcon_core.shell:Creating prefix chain script '/home/aghilas/tello_twin_ws/install/setup.sh'
[4.054s] INFO:colcon.colcon_core.shell:Creating prefix script '/home/aghilas/tello_twin_ws/install/local_setup.bash'
[4.055s] INFO:colcon.colcon_core.shell:Creating prefix chain script '/home/aghilas/tello_twin_ws/install/setup.bash'
[4.056s] INFO:colcon.colcon_core.shell:Creating prefix script '/home/aghilas/tello_twin_ws/install/local_setup.zsh'
[4.057s] INFO:colcon.colcon_core.shell:Creating prefix chain script '/home/aghilas/tello_twin_ws/install/setup.zsh'
