[0.883s] Invoking command in '/home/aghilas/tello_twin_ws/build/tello_twin_msgs': DEBUGINFOD_URLS=https://debuginfod.ubuntu.com PYTHONPATH=/home/aghilas/tello_twin_ws/build/tello_twin_msgs/prefix_override:/usr/lib/python3/dist-packages/colcon_core/task/python/colcon_distutils_commands:/home/aghilas/tello_twin_ws/install/tello_twin_msgs/lib/python3.12/site-packages:${PYTHONPATH} /usr/bin/python3 -W ignore:setup.py install is deprecated -W ignore:easy_install command is deprecated setup.py develop --uninstall --editable --build-directory /home/aghilas/tello_twin_ws/build/tello_twin_msgs/build
[1.101s] running develop
[1.242s] Removing /home/aghilas/tello_twin_ws/install/tello_twin_msgs/lib/python3.12/site-packages/tello-twin-msgs.egg-link (link to .)
[1.273s] Invoked command in '/home/aghilas/tello_twin_ws/build/tello_twin_msgs' returned '0': DEBUGINFOD_URLS=https://debuginfod.ubuntu.com PYTHONPATH=/home/aghilas/tello_twin_ws/build/tello_twin_msgs/prefix_override:/usr/lib/python3/dist-packages/colcon_core/task/python/colcon_distutils_commands:/home/aghilas/tello_twin_ws/install/tello_twin_msgs/lib/python3.12/site-packages:${PYTHONPATH} /usr/bin/python3 -W ignore:setup.py install is deprecated -W ignore:easy_install command is deprecated setup.py develop --uninstall --editable --build-directory /home/aghilas/tello_twin_ws/build/tello_twin_msgs/build
[1.274s] Invoking command in '/home/aghilas/tello_twin_ws/src/tello_twin_msgs': DEBUGINFOD_URLS=https://debuginfod.ubuntu.com PYTHONPATH=/home/aghilas/tello_twin_ws/build/tello_twin_msgs/prefix_override:/usr/lib/python3/dist-packages/colcon_core/task/python/colcon_distutils_commands:/home/aghilas/tello_twin_ws/install/tello_twin_msgs/lib/python3.12/site-packages:${PYTHONPATH} /usr/bin/python3 -W ignore:setup.py install is deprecated -W ignore:easy_install command is deprecated setup.py egg_info --egg-base ../../build/tello_twin_msgs build --build-base /home/aghilas/tello_twin_ws/build/tello_twin_msgs/build install --record /home/aghilas/tello_twin_ws/build/tello_twin_msgs/install.log --single-version-externally-managed install_data --force
[1.465s] running egg_info
[1.479s] writing ../../build/tello_twin_msgs/tello_twin_msgs.egg-info/PKG-INFO
[1.479s] writing dependency_links to ../../build/tello_twin_msgs/tello_twin_msgs.egg-info/dependency_links.txt
[1.479s] writing requirements to ../../build/tello_twin_msgs/tello_twin_msgs.egg-info/requires.txt
[1.479s] writing top-level names to ../../build/tello_twin_msgs/tello_twin_msgs.egg-info/top_level.txt
[1.507s] reading manifest file '../../build/tello_twin_msgs/tello_twin_msgs.egg-info/SOURCES.txt'
[1.508s] writing manifest file '../../build/tello_twin_msgs/tello_twin_msgs.egg-info/SOURCES.txt'
[1.508s] running build
[1.508s] running build_py
[1.508s] running install
[1.512s] running install_lib
[1.526s] creating /home/aghilas/tello_twin_ws/install/tello_twin_msgs/lib/python3.12/site-packages/tello_twin_msgs
[1.526s] copying /home/aghilas/tello_twin_ws/build/tello_twin_msgs/build/lib/tello_twin_msgs/__init__.py -> /home/aghilas/tello_twin_ws/install/tello_twin_msgs/lib/python3.12/site-packages/tello_twin_msgs
[1.527s] byte-compiling /home/aghilas/tello_twin_ws/install/tello_twin_msgs/lib/python3.12/site-packages/tello_twin_msgs/__init__.py to __init__.cpython-312.pyc
[1.527s] running install_data
[1.527s] copying resource/tello_twin_msgs -> /home/aghilas/tello_twin_ws/install/tello_twin_msgs/share/ament_index/resource_index/packages
[1.527s] copying package.xml -> /home/aghilas/tello_twin_ws/install/tello_twin_msgs/share/tello_twin_msgs
[1.527s] running install_egg_info
[1.541s] Copying ../../build/tello_twin_msgs/tello_twin_msgs.egg-info to /home/aghilas/tello_twin_ws/install/tello_twin_msgs/lib/python3.12/site-packages/tello_twin_msgs-0.0.0-py3.12.egg-info
[1.542s] running install_scripts
[1.632s] writing list of installed files to '/home/aghilas/tello_twin_ws/build/tello_twin_msgs/install.log'
[1.653s] Invoked command in '/home/aghilas/tello_twin_ws/src/tello_twin_msgs' returned '0': DEBUGINFOD_URLS=https://debuginfod.ubuntu.com PYTHONPATH=/home/aghilas/tello_twin_ws/build/tello_twin_msgs/prefix_override:/usr/lib/python3/dist-packages/colcon_core/task/python/colcon_distutils_commands:/home/aghilas/tello_twin_ws/install/tello_twin_msgs/lib/python3.12/site-packages:${PYTHONPATH} /usr/bin/python3 -W ignore:setup.py install is deprecated -W ignore:easy_install command is deprecated setup.py egg_info --egg-base ../../build/tello_twin_msgs build --build-base /home/aghilas/tello_twin_ws/build/tello_twin_msgs/build install --record /home/aghilas/tello_twin_ws/build/tello_twin_msgs/install.log --single-version-externally-managed install_data --force
