[2.029s] Invoking command in '/home/aghilas/tello_twin_ws/src/tello_twin_logging': DEBUGINFOD_URLS=https://debuginfod.ubuntu.com PYTHONPATH=/home/aghilas/tello_twin_ws/build/tello_twin_logging/prefix_override:/usr/lib/python3/dist-packages/colcon_core/task/python/colcon_distutils_commands:/home/aghilas/tello_twin_ws/install/tello_twin_logging/lib/python3.12/site-packages:${PYTHONPATH} /usr/bin/python3 -W ignore:setup.py install is deprecated -W ignore:easy_install command is deprecated setup.py egg_info --egg-base ../../build/tello_twin_logging build --build-base /home/aghilas/tello_twin_ws/build/tello_twin_logging/build install --record /home/aghilas/tello_twin_ws/build/tello_twin_logging/install.log --single-version-externally-managed install_data
[2.586s] running egg_info
[2.624s] writing ../../build/tello_twin_logging/tello_twin_logging.egg-info/PKG-INFO
[2.624s] writing dependency_links to ../../build/tello_twin_logging/tello_twin_logging.egg-info/dependency_links.txt
[2.626s] writing entry points to ../../build/tello_twin_logging/tello_twin_logging.egg-info/entry_points.txt
[2.626s] writing requirements to ../../build/tello_twin_logging/tello_twin_logging.egg-info/requires.txt
[2.626s] writing top-level names to ../../build/tello_twin_logging/tello_twin_logging.egg-info/top_level.txt
[2.705s] reading manifest file '../../build/tello_twin_logging/tello_twin_logging.egg-info/SOURCES.txt'
[2.706s] writing manifest file '../../build/tello_twin_logging/tello_twin_logging.egg-info/SOURCES.txt'
[2.706s] running build
[2.707s] running build_py
[2.707s] running install
[2.724s] running install_lib
[2.761s] running install_data
[2.762s] running install_egg_info
[2.803s] removing '/home/aghilas/tello_twin_ws/install/tello_twin_logging/lib/python3.12/site-packages/tello_twin_logging-0.0.0-py3.12.egg-info' (and everything under it)
[2.803s] Copying ../../build/tello_twin_logging/tello_twin_logging.egg-info to /home/aghilas/tello_twin_ws/install/tello_twin_logging/lib/python3.12/site-packages/tello_twin_logging-0.0.0-py3.12.egg-info
[2.805s] running install_scripts
[3.057s] Installing logger_node script to /home/aghilas/tello_twin_ws/install/tello_twin_logging/lib/tello_twin_logging
[3.058s] writing list of installed files to '/home/aghilas/tello_twin_ws/build/tello_twin_logging/install.log'
[3.120s] Invoked command in '/home/aghilas/tello_twin_ws/src/tello_twin_logging' returned '0': DEBUGINFOD_URLS=https://debuginfod.ubuntu.com PYTHONPATH=/home/aghilas/tello_twin_ws/build/tello_twin_logging/prefix_override:/usr/lib/python3/dist-packages/colcon_core/task/python/colcon_distutils_commands:/home/aghilas/tello_twin_ws/install/tello_twin_logging/lib/python3.12/site-packages:${PYTHONPATH} /usr/bin/python3 -W ignore:setup.py install is deprecated -W ignore:easy_install command is deprecated setup.py egg_info --egg-base ../../build/tello_twin_logging build --build-base /home/aghilas/tello_twin_ws/build/tello_twin_logging/build install --record /home/aghilas/tello_twin_ws/build/tello_twin_logging/install.log --single-version-externally-managed install_data
