[3.751s] Invoking command in '/home/aghilas/tello_twin_ws/src/tello_twin_logging': DEBUGINFOD_URLS=https://debuginfod.ubuntu.com PYTHONPATH=/home/aghilas/tello_twin_ws/build/tello_twin_logging/prefix_override:/usr/lib/python3/dist-packages/colcon_core/task/python/colcon_distutils_commands:/home/aghilas/tello_twin_ws/install/tello_twin_logging/lib/python3.12/site-packages:${PYTHONPATH} /usr/bin/python3 -W ignore:setup.py install is deprecated -W ignore:easy_install command is deprecated setup.py egg_info --egg-base ../../build/tello_twin_logging build --build-base /home/aghilas/tello_twin_ws/build/tello_twin_logging/build install --record /home/aghilas/tello_twin_ws/build/tello_twin_logging/install.log --single-version-externally-managed install_data
[4.594s] running egg_info
[4.656s] writing ../../build/tello_twin_logging/tello_twin_logging.egg-info/PKG-INFO
[4.656s] writing dependency_links to ../../build/tello_twin_logging/tello_twin_logging.egg-info/dependency_links.txt
[4.657s] writing entry points to ../../build/tello_twin_logging/tello_twin_logging.egg-info/entry_points.txt
[4.658s] writing requirements to ../../build/tello_twin_logging/tello_twin_logging.egg-info/requires.txt
[4.658s] writing top-level names to ../../build/tello_twin_logging/tello_twin_logging.egg-info/top_level.txt
[4.786s] reading manifest file '../../build/tello_twin_logging/tello_twin_logging.egg-info/SOURCES.txt'
[4.788s] writing manifest file '../../build/tello_twin_logging/tello_twin_logging.egg-info/SOURCES.txt'
[4.788s] running build
[4.789s] running build_py
[4.789s] running install
[4.814s] running install_lib
[4.877s] running install_data
[4.877s] running install_egg_info
[4.943s] removing '/home/aghilas/tello_twin_ws/install/tello_twin_logging/lib/python3.12/site-packages/tello_twin_logging-0.0.0-py3.12.egg-info' (and everything under it)
[4.944s] Copying ../../build/tello_twin_logging/tello_twin_logging.egg-info to /home/aghilas/tello_twin_ws/install/tello_twin_logging/lib/python3.12/site-packages/tello_twin_logging-0.0.0-py3.12.egg-info
[4.946s] running install_scripts
[5.367s] Installing logger_node script to /home/aghilas/tello_twin_ws/install/tello_twin_logging/lib/tello_twin_logging
[5.368s] writing list of installed files to '/home/aghilas/tello_twin_ws/build/tello_twin_logging/install.log'
[5.451s] Invoked command in '/home/aghilas/tello_twin_ws/src/tello_twin_logging' returned '0': DEBUGINFOD_URLS=https://debuginfod.ubuntu.com PYTHONPATH=/home/aghilas/tello_twin_ws/build/tello_twin_logging/prefix_override:/usr/lib/python3/dist-packages/colcon_core/task/python/colcon_distutils_commands:/home/aghilas/tello_twin_ws/install/tello_twin_logging/lib/python3.12/site-packages:${PYTHONPATH} /usr/bin/python3 -W ignore:setup.py install is deprecated -W ignore:easy_install command is deprecated setup.py egg_info --egg-base ../../build/tello_twin_logging build --build-base /home/aghilas/tello_twin_ws/build/tello_twin_logging/build install --record /home/aghilas/tello_twin_ws/build/tello_twin_logging/install.log --single-version-externally-managed install_data
