[1.449s] Invoking command in '/home/aghilas/tello_twin_ws/src/tello_twin_logging': DEBUGINFOD_URLS=https://debuginfod.ubuntu.com PYTHONPATH=/home/aghilas/tello_twin_ws/build/tello_twin_logging/prefix_override:/usr/lib/python3/dist-packages/colcon_core/task/python/colcon_distutils_commands:/home/aghilas/tello_twin_ws/install/tello_twin_logging/lib/python3.12/site-packages:${PYTHONPATH} /usr/bin/python3 -W ignore:setup.py install is deprecated -W ignore:easy_install command is deprecated setup.py egg_info --egg-base ../../build/tello_twin_logging build --build-base /home/aghilas/tello_twin_ws/build/tello_twin_logging/build install --record /home/aghilas/tello_twin_ws/build/tello_twin_logging/install.log --single-version-externally-managed install_data
[1.773s] running egg_info
[1.795s] writing ../../build/tello_twin_logging/tello_twin_logging.egg-info/PKG-INFO
[1.795s] writing dependency_links to ../../build/tello_twin_logging/tello_twin_logging.egg-info/dependency_links.txt
[1.796s] writing entry points to ../../build/tello_twin_logging/tello_twin_logging.egg-info/entry_points.txt
[1.796s] writing requirements to ../../build/tello_twin_logging/tello_twin_logging.egg-info/requires.txt
[1.796s] writing top-level names to ../../build/tello_twin_logging/tello_twin_logging.egg-info/top_level.txt
[1.845s] reading manifest file '../../build/tello_twin_logging/tello_twin_logging.egg-info/SOURCES.txt'
[1.846s] writing manifest file '../../build/tello_twin_logging/tello_twin_logging.egg-info/SOURCES.txt'
[1.846s] running build
[1.846s] running build_py
[1.846s] running install
[1.855s] running install_lib
[1.885s] running install_data
[1.886s] running install_egg_info
[1.921s] removing '/home/aghilas/tello_twin_ws/install/tello_twin_logging/lib/python3.12/site-packages/tello_twin_logging-0.0.0-py3.12.egg-info' (and everything under it)
[1.921s] Copying ../../build/tello_twin_logging/tello_twin_logging.egg-info to /home/aghilas/tello_twin_ws/install/tello_twin_logging/lib/python3.12/site-packages/tello_twin_logging-0.0.0-py3.12.egg-info
[1.922s] running install_scripts
[2.085s] Installing logger_node script to /home/aghilas/tello_twin_ws/install/tello_twin_logging/lib/tello_twin_logging
[2.085s] writing list of installed files to '/home/aghilas/tello_twin_ws/build/tello_twin_logging/install.log'
[2.133s] Invoked command in '/home/aghilas/tello_twin_ws/src/tello_twin_logging' returned '0': DEBUGINFOD_URLS=https://debuginfod.ubuntu.com PYTHONPATH=/home/aghilas/tello_twin_ws/build/tello_twin_logging/prefix_override:/usr/lib/python3/dist-packages/colcon_core/task/python/colcon_distutils_commands:/home/aghilas/tello_twin_ws/install/tello_twin_logging/lib/python3.12/site-packages:${PYTHONPATH} /usr/bin/python3 -W ignore:setup.py install is deprecated -W ignore:easy_install command is deprecated setup.py egg_info --egg-base ../../build/tello_twin_logging build --build-base /home/aghilas/tello_twin_ws/build/tello_twin_logging/build install --record /home/aghilas/tello_twin_ws/build/tello_twin_logging/install.log --single-version-externally-managed install_data
