running egg_info
creating ../../build/tello_twin_msgs/tello_twin_msgs.egg-info
writing ../../build/tello_twin_msgs/tello_twin_msgs.egg-info/PKG-INFO
writing dependency_links to ../../build/tello_twin_msgs/tello_twin_msgs.egg-info/dependency_links.txt
writing requirements to ../../build/tello_twin_msgs/tello_twin_msgs.egg-info/requires.txt
writing top-level names to ../../build/tello_twin_msgs/tello_twin_msgs.egg-info/top_level.txt
writing manifest file '../../build/tello_twin_msgs/tello_twin_msgs.egg-info/SOURCES.txt'
reading manifest file '../../build/tello_twin_msgs/tello_twin_msgs.egg-info/SOURCES.txt'
writing manifest file '../../build/tello_twin_msgs/tello_twin_msgs.egg-info/SOURCES.txt'
running build
running build_py
creating /home/aghilas/tello_twin_ws/build/tello_twin_msgs/build
creating /home/aghilas/tello_twin_ws/build/tello_twin_msgs/build/lib
creating /home/aghilas/tello_twin_ws/build/tello_twin_msgs/build/lib/tello_twin_msgs
copying tello_twin_msgs/__init__.py -> /home/aghilas/tello_twin_ws/build/tello_twin_msgs/build/lib/tello_twin_msgs
running install
running install_lib
creating /home/aghilas/tello_twin_ws/install/tello_twin_msgs/lib/python3.12/site-packages/tello_twin_msgs
copying /home/aghilas/tello_twin_ws/build/tello_twin_msgs/build/lib/tello_twin_msgs/__init__.py -> /home/aghilas/tello_twin_ws/install/tello_twin_msgs/lib/python3.12/site-packages/tello_twin_msgs
byte-compiling /home/aghilas/tello_twin_ws/install/tello_twin_msgs/lib/python3.12/site-packages/tello_twin_msgs/__init__.py to __init__.cpython-312.pyc
running install_data
creating /home/aghilas/tello_twin_ws/install/tello_twin_msgs/share/ament_index
creating /home/aghilas/tello_twin_ws/install/tello_twin_msgs/share/ament_index/resource_index
creating /home/aghilas/tello_twin_ws/install/tello_twin_msgs/share/ament_index/resource_index/packages
copying resource/tello_twin_msgs -> /home/aghilas/tello_twin_ws/install/tello_twin_msgs/share/ament_index/resource_index/packages
copying package.xml -> /home/aghilas/tello_twin_ws/install/tello_twin_msgs/share/tello_twin_msgs
running install_egg_info
Copying ../../build/tello_twin_msgs/tello_twin_msgs.egg-info to /home/aghilas/tello_twin_ws/install/tello_twin_msgs/lib/python3.12/site-packages/tello_twin_msgs-0.0.0-py3.12.egg-info
running install_scripts
writing list of installed files to '/home/aghilas/tello_twin_ws/build/tello_twin_msgs/install.log'
