[1.586s] Invoking command in '/home/aghilas/tello_twin_ws/src/tello_twin_msgs': DEBUGINFOD_URLS=https://debuginfod.ubuntu.com PYTHONPATH=/home/aghilas/tello_twin_ws/build/tello_twin_msgs/prefix_override:/usr/lib/python3/dist-packages/colcon_core/task/python/colcon_distutils_commands:/home/aghilas/tello_twin_ws/install/tello_twin_msgs/lib/python3.12/site-packages:${PYTHONPATH} /usr/bin/python3 -W ignore:setup.py install is deprecated -W ignore:easy_install command is deprecated setup.py egg_info --egg-base ../../build/tello_twin_msgs build --build-base /home/aghilas/tello_twin_ws/build/tello_twin_msgs/build install --record /home/aghilas/tello_twin_ws/build/tello_twin_msgs/install.log --single-version-externally-managed install_data
[1.925s] running egg_info
[1.926s] creating ../../build/tello_twin_msgs/tello_twin_msgs.egg-info
[1.948s] writing ../../build/tello_twin_msgs/tello_twin_msgs.egg-info/PKG-INFO
[1.949s] writing dependency_links to ../../build/tello_twin_msgs/tello_twin_msgs.egg-info/dependency_links.txt
[1.949s] writing requirements to ../../build/tello_twin_msgs/tello_twin_msgs.egg-info/requires.txt
[1.949s] writing top-level names to ../../build/tello_twin_msgs/tello_twin_msgs.egg-info/top_level.txt
[1.949s] writing manifest file '../../build/tello_twin_msgs/tello_twin_msgs.egg-info/SOURCES.txt'
[1.996s] reading manifest file '../../build/tello_twin_msgs/tello_twin_msgs.egg-info/SOURCES.txt'
[1.997s] writing manifest file '../../build/tello_twin_msgs/tello_twin_msgs.egg-info/SOURCES.txt'
[1.997s] running build
[1.998s] running build_py
[1.998s] creating /home/aghilas/tello_twin_ws/build/tello_twin_msgs/build
[1.999s] creating /home/aghilas/tello_twin_ws/build/tello_twin_msgs/build/lib
[1.999s] creating /home/aghilas/tello_twin_ws/build/tello_twin_msgs/build/lib/tello_twin_msgs
[1.999s] copying tello_twin_msgs/__init__.py -> /home/aghilas/tello_twin_ws/build/tello_twin_msgs/build/lib/tello_twin_msgs
[1.999s] running install
[2.007s] running install_lib
[2.037s] creating /home/aghilas/tello_twin_ws/install/tello_twin_msgs/lib/python3.12/site-packages/tello_twin_msgs
[2.037s] copying /home/aghilas/tello_twin_ws/build/tello_twin_msgs/build/lib/tello_twin_msgs/__init__.py -> /home/aghilas/tello_twin_ws/install/tello_twin_msgs/lib/python3.12/site-packages/tello_twin_msgs
[2.037s] byte-compiling /home/aghilas/tello_twin_ws/install/tello_twin_msgs/lib/python3.12/site-packages/tello_twin_msgs/__init__.py to __init__.cpython-312.pyc
[2.038s] running install_data
[2.038s] creating /home/aghilas/tello_twin_ws/install/tello_twin_msgs/share/ament_index
[2.038s] creating /home/aghilas/tello_twin_ws/install/tello_twin_msgs/share/ament_index/resource_index
[2.038s] creating /home/aghilas/tello_twin_ws/install/tello_twin_msgs/share/ament_index/resource_index/packages
[2.038s] copying resource/tello_twin_msgs -> /home/aghilas/tello_twin_ws/install/tello_twin_msgs/share/ament_index/resource_index/packages
[2.039s] copying package.xml -> /home/aghilas/tello_twin_ws/install/tello_twin_msgs/share/tello_twin_msgs
[2.039s] running install_egg_info
[2.064s] Copying ../../build/tello_twin_msgs/tello_twin_msgs.egg-info to /home/aghilas/tello_twin_ws/install/tello_twin_msgs/lib/python3.12/site-packages/tello_twin_msgs-0.0.0-py3.12.egg-info
[2.065s] running install_scripts
[2.242s] writing list of installed files to '/home/aghilas/tello_twin_ws/build/tello_twin_msgs/install.log'
[2.280s] Invoked command in '/home/aghilas/tello_twin_ws/src/tello_twin_msgs' returned '0': DEBUGINFOD_URLS=https://debuginfod.ubuntu.com PYTHONPATH=/home/aghilas/tello_twin_ws/build/tello_twin_msgs/prefix_override:/usr/lib/python3/dist-packages/colcon_core/task/python/colcon_distutils_commands:/home/aghilas/tello_twin_ws/install/tello_twin_msgs/lib/python3.12/site-packages:${PYTHONPATH} /usr/bin/python3 -W ignore:setup.py install is deprecated -W ignore:easy_install command is deprecated setup.py egg_info --egg-base ../../build/tello_twin_msgs build --build-base /home/aghilas/tello_twin_ws/build/tello_twin_msgs/build install --record /home/aghilas/tello_twin_ws/build/tello_twin_msgs/install.log --single-version-externally-managed install_data
