[0.123s] DEBUG:colcon:Command line arguments: ['/usr/bin/colcon', 'build']
[0.123s] DEBUG:colcon:Parsed command line arguments: Namespace(log_base=None, log_level=None, verb_name='build', build_base='build', install_base='install', merge_install=False, symlink_install=False, test_result_base=None, continue_on_error=False, executor='parallel', parallel_workers=8, event_handlers=None, ignore_user_meta=False, metas=['./colcon.meta'], base_paths=['.'], packages_ignore=None, packages_ignore_regex=None, paths=None, packages_up_to=None, packages_up_to_regex=None, packages_above=None, packages_above_and_dependencies=None, packages_above_depth=None, packages_select_by_dep=None, packages_skip_by_dep=None, packages_skip_up_to=None, packages_select_build_failed=False, packages_skip_build_finished=False, packages_select_test_failures=False, packages_skip_test_passed=False, packages_select=None, packages_skip=None, packages_select_regex=None, packages_skip_regex=None, packages_start=None, packages_end=None, allow_overriding=[], cmake_args=None, cmake_target=None, cmake_target_skip_unavailable=False, cmake_clean_cache=False, cmake_clean_first=False, cmake_force_configure=False, ament_cmake_args=None, catkin_cmake_args=None, catkin_skip_building_tests=False, verb_parser=<colcon_defaults.argument_parser.defaults.DefaultArgumentsDecorator object at 0x7f8bf6069f40>, verb_extension=<colcon_core.verb.build.BuildVerb object at 0x7f8bf6069c40>, main=<bound method BuildVerb.main of <colcon_core.verb.build.BuildVerb object at 0x7f8bf6069c40>>)
[0.169s] Level 1:colcon.colcon_core.package_discovery:discover_packages(colcon_meta) check parameters
[0.170s] Level 1:colcon.colcon_core.package_discovery:discover_packages(recursive) check parameters
[0.170s] Level 1:colcon.colcon_core.package_discovery:discover_packages(ignore) check parameters
[0.170s] Level 1:colcon.colcon_core.package_discovery:discover_packages(path) check parameters
[0.170s] Level 1:colcon.colcon_core.package_discovery:discover_packages(colcon_meta) discover
[0.170s] Level 1:colcon.colcon_core.package_discovery:discover_packages(recursive) discover
[0.170s] INFO:colcon.colcon_core.package_discovery:Crawling recursively for packages in '/home/aghilas/tello_twin_ws'
[0.170s] Level 1:colcon.colcon_core.package_identification:_identify(.) by extensions ['ignore', 'ignore_ament_install']
[0.170s] Level 1:colcon.colcon_core.package_identification:_identify(.) by extension 'ignore'
[0.170s] Level 1:colcon.colcon_core.package_identification:_identify(.) by extension 'ignore_ament_install'
[0.170s] Level 1:colcon.colcon_core.package_identification:_identify(.) by extensions ['colcon_pkg']
[0.170s] Level 1:colcon.colcon_core.package_identification:_identify(.) by extension 'colcon_pkg'
[0.170s] Level 1:colcon.colcon_core.package_identification:_identify(.) by extensions ['colcon_meta']
[0.170s] Level 1:colcon.colcon_core.package_identification:_identify(.) by extension 'colcon_meta'
[0.170s] Level 1:colcon.colcon_core.package_identification:_identify(.) by extensions ['ros']
[0.171s] Level 1:colcon.colcon_core.package_identification:_identify(.) by extension 'ros'
[0.201s] Level 1:colcon.colcon_core.package_identification:_identify(.) by extensions ['cmake', 'python']
[0.201s] Level 1:colcon.colcon_core.package_identification:_identify(.) by extension 'cmake'
[0.201s] Level 1:colcon.colcon_core.package_identification:_identify(.) by extension 'python'
[0.201s] Level 1:colcon.colcon_core.package_identification:_identify(.) by extensions ['python_setup_py']
[0.201s] Level 1:colcon.colcon_core.package_identification:_identify(.) by extension 'python_setup_py'
[0.201s] Level 1:colcon.colcon_core.package_identification:_identify(build) by extensions ['ignore', 'ignore_ament_install']
[0.202s] Level 1:colcon.colcon_core.package_identification:_identify(build) by extension 'ignore'
[0.202s] Level 1:colcon.colcon_core.package_identification:_identify(build) ignored
[0.202s] Level 1:colcon.colcon_core.package_identification:_identify(install) by extensions ['ignore', 'ignore_ament_install']
[0.202s] Level 1:colcon.colcon_core.package_identification:_identify(install) by extension 'ignore'
[0.202s] Level 1:colcon.colcon_core.package_identification:_identify(install) ignored
[0.234s] Level 1:colcon.colcon_core.package_identification:_identify(log) by extensions ['ignore', 'ignore_ament_install']
[0.234s] Level 1:colcon.colcon_core.package_identification:_identify(log) by extension 'ignore'
[0.234s] Level 1:colcon.colcon_core.package_identification:_identify(log) ignored
[0.234s] Level 1:colcon.colcon_core.package_identification:_identify(src) by extensions ['ignore', 'ignore_ament_install']
[0.234s] Level 1:colcon.colcon_core.package_identification:_identify(src) by extension 'ignore'
[0.234s] Level 1:colcon.colcon_core.package_identification:_identify(src) by extension 'ignore_ament_install'
[0.234s] Level 1:colcon.colcon_core.package_identification:_identify(src) by extensions ['colcon_pkg']
[0.234s] Level 1:colcon.colcon_core.package_identification:_identify(src) by extension 'colcon_pkg'
[0.234s] Level 1:colcon.colcon_core.package_identification:_identify(src) by extensions ['colcon_meta']
[0.234s] Level 1:colcon.colcon_core.package_identification:_identify(src) by extension 'colcon_meta'
[0.234s] Level 1:colcon.colcon_core.package_identification:_identify(src) by extensions ['ros']
[0.234s] Level 1:colcon.colcon_core.package_identification:_identify(src) by extension 'ros'
[0.235s] Level 1:colcon.colcon_core.package_identification:_identify(src) by extensions ['cmake', 'python']
[0.235s] Level 1:colcon.colcon_core.package_identification:_identify(src) by extension 'cmake'
[0.235s] Level 1:colcon.colcon_core.package_identification:_identify(src) by extension 'python'
[0.235s] Level 1:colcon.colcon_core.package_identification:_identify(src) by extensions ['python_setup_py']
[0.235s] Level 1:colcon.colcon_core.package_identification:_identify(src) by extension 'python_setup_py'
[0.235s] Level 1:colcon.colcon_core.package_identification:_identify(src/tello_twin_bringup) by extensions ['ignore', 'ignore_ament_install']
[0.235s] Level 1:colcon.colcon_core.package_identification:_identify(src/tello_twin_bringup) by extension 'ignore'
[0.235s] Level 1:colcon.colcon_core.package_identification:_identify(src/tello_twin_bringup) by extension 'ignore_ament_install'
[0.235s] Level 1:colcon.colcon_core.package_identification:_identify(src/tello_twin_bringup) by extensions ['colcon_pkg']
[0.235s] Level 1:colcon.colcon_core.package_identification:_identify(src/tello_twin_bringup) by extension 'colcon_pkg'
[0.235s] Level 1:colcon.colcon_core.package_identification:_identify(src/tello_twin_bringup) by extensions ['colcon_meta']
[0.235s] Level 1:colcon.colcon_core.package_identification:_identify(src/tello_twin_bringup) by extension 'colcon_meta'
[0.235s] Level 1:colcon.colcon_core.package_identification:_identify(src/tello_twin_bringup) by extensions ['ros']
[0.236s] Level 1:colcon.colcon_core.package_identification:_identify(src/tello_twin_bringup) by extension 'ros'
[0.241s] DEBUG:colcon.colcon_core.package_identification:Package 'src/tello_twin_bringup' with type 'ros.ament_python' and name 'tello_twin_bringup'
[0.241s] Level 1:colcon.colcon_core.package_identification:_identify(src/tello_twin_control) by extensions ['ignore', 'ignore_ament_install']
[0.241s] Level 1:colcon.colcon_core.package_identification:_identify(src/tello_twin_control) by extension 'ignore'
[0.241s] Level 1:colcon.colcon_core.package_identification:_identify(src/tello_twin_control) by extension 'ignore_ament_install'
[0.241s] Level 1:colcon.colcon_core.package_identification:_identify(src/tello_twin_control) by extensions ['colcon_pkg']
[0.241s] Level 1:colcon.colcon_core.package_identification:_identify(src/tello_twin_control) by extension 'colcon_pkg'
[0.241s] Level 1:colcon.colcon_core.package_identification:_identify(src/tello_twin_control) by extensions ['colcon_meta']
[0.241s] Level 1:colcon.colcon_core.package_identification:_identify(src/tello_twin_control) by extension 'colcon_meta'
[0.241s] Level 1:colcon.colcon_core.package_identification:_identify(src/tello_twin_control) by extensions ['ros']
[0.241s] Level 1:colcon.colcon_core.package_identification:_identify(src/tello_twin_control) by extension 'ros'
[0.242s] DEBUG:colcon.colcon_core.package_identification:Package 'src/tello_twin_control' with type 'ros.ament_python' and name 'tello_twin_control'
[0.242s] Level 1:colcon.colcon_core.package_identification:_identify(src/tello_twin_logging) by extensions ['ignore', 'ignore_ament_install']
[0.242s] Level 1:colcon.colcon_core.package_identification:_identify(src/tello_twin_logging) by extension 'ignore'
[0.242s] Level 1:colcon.colcon_core.package_identification:_identify(src/tello_twin_logging) by extension 'ignore_ament_install'
[0.242s] Level 1:colcon.colcon_core.package_identification:_identify(src/tello_twin_logging) by extensions ['colcon_pkg']
[0.242s] Level 1:colcon.colcon_core.package_identification:_identify(src/tello_twin_logging) by extension 'colcon_pkg'
[0.242s] Level 1:colcon.colcon_core.package_identification:_identify(src/tello_twin_logging) by extensions ['colcon_meta']
[0.242s] Level 1:colcon.colcon_core.package_identification:_identify(src/tello_twin_logging) by extension 'colcon_meta'
[0.242s] Level 1:colcon.colcon_core.package_identification:_identify(src/tello_twin_logging) by extensions ['ros']
[0.242s] Level 1:colcon.colcon_core.package_identification:_identify(src/tello_twin_logging) by extension 'ros'
[0.243s] DEBUG:colcon.colcon_core.package_identification:Package 'src/tello_twin_logging' with type 'ros.ament_python' and name 'tello_twin_logging'
[0.243s] Level 1:colcon.colcon_core.package_identification:_identify(src/tello_twin_msgs) by extensions ['ignore', 'ignore_ament_install']
[0.243s] Level 1:colcon.colcon_core.package_identification:_identify(src/tello_twin_msgs) by extension 'ignore'
[0.243s] Level 1:colcon.colcon_core.package_identification:_identify(src/tello_twin_msgs) by extension 'ignore_ament_install'
[0.243s] Level 1:colcon.colcon_core.package_identification:_identify(src/tello_twin_msgs) by extensions ['colcon_pkg']
[0.243s] Level 1:colcon.colcon_core.package_identification:_identify(src/tello_twin_msgs) by extension 'colcon_pkg'
[0.243s] Level 1:colcon.colcon_core.package_identification:_identify(src/tello_twin_msgs) by extensions ['colcon_meta']
[0.243s] Level 1:colcon.colcon_core.package_identification:_identify(src/tello_twin_msgs) by extension 'colcon_meta'
[0.243s] Level 1:colcon.colcon_core.package_identification:_identify(src/tello_twin_msgs) by extensions ['ros']
[0.243s] Level 1:colcon.colcon_core.package_identification:_identify(src/tello_twin_msgs) by extension 'ros'
[0.244s] DEBUG:colcon.colcon_core.package_identification:Package 'src/tello_twin_msgs' with type 'ros.ament_python' and name 'tello_twin_msgs'
[0.244s] Level 1:colcon.colcon_core.package_discovery:discover_packages(recursive) using defaults
[0.244s] Level 1:colcon.colcon_core.package_discovery:discover_packages(ignore) discover
[0.244s] Level 1:colcon.colcon_core.package_discovery:discover_packages(ignore) using defaults
[0.244s] Level 1:colcon.colcon_core.package_discovery:discover_packages(path) discover
[0.244s] Level 1:colcon.colcon_core.package_discovery:discover_packages(path) using defaults
[0.284s] Level 1:colcon.colcon_core.package_discovery:discover_packages(prefix_path) check parameters
[0.284s] Level 1:colcon.colcon_core.package_discovery:discover_packages(prefix_path) discover
[0.287s] DEBUG:colcon.colcon_installed_package_information.package_discovery:Found 4 installed packages in /home/aghilas/tello_twin_ws/install
[0.288s] DEBUG:colcon.colcon_installed_package_information.package_discovery:Found 1 installed packages in /home/aghilas/ros2_ws/install
[0.290s] DEBUG:colcon.colcon_installed_package_information.package_discovery:Found 341 installed packages in /opt/ros/jazzy
[0.291s] Level 1:colcon.colcon_core.package_discovery:discover_packages(prefix_path) using defaults
[0.342s] Level 5:colcon.colcon_core.verb:set package 'tello_twin_control' build argument 'cmake_args' from command line to 'None'
[0.342s] Level 5:colcon.colcon_core.verb:set package 'tello_twin_control' build argument 'cmake_target' from command line to 'None'
[0.342s] Level 5:colcon.colcon_core.verb:set package 'tello_twin_control' build argument 'cmake_target_skip_unavailable' from command line to 'False'
[0.342s] Level 5:colcon.colcon_core.verb:set package 'tello_twin_control' build argument 'cmake_clean_cache' from command line to 'False'
[0.342s] Level 5:colcon.colcon_core.verb:set package 'tello_twin_control' build argument 'cmake_clean_first' from command line to 'False'
[0.342s] Level 5:colcon.colcon_core.verb:set package 'tello_twin_control' build argument 'cmake_force_configure' from command line to 'False'
[0.342s] Level 5:colcon.colcon_core.verb:set package 'tello_twin_control' build argument 'ament_cmake_args' from command line to 'None'
[0.342s] Level 5:colcon.colcon_core.verb:set package 'tello_twin_control' build argument 'catkin_cmake_args' from command line to 'None'
[0.342s] Level 5:colcon.colcon_core.verb:set package 'tello_twin_control' build argument 'catkin_skip_building_tests' from command line to 'False'
[0.343s] DEBUG:colcon.colcon_core.verb:Building package 'tello_twin_control' with the following arguments: {'ament_cmake_args': None, 'build_base': '/home/aghilas/tello_twin_ws/build/tello_twin_control', 'catkin_cmake_args': None, 'catkin_skip_building_tests': False, 'cmake_args': None, 'cmake_clean_cache': False, 'cmake_clean_first': False, 'cmake_force_configure': False, 'cmake_target': None, 'cmake_target_skip_unavailable': False, 'install_base': '/home/aghilas/tello_twin_ws/install/tello_twin_control', 'merge_install': False, 'path': '/home/aghilas/tello_twin_ws/src/tello_twin_control', 'symlink_install': False, 'test_result_base': None}
[0.343s] Level 5:colcon.colcon_core.verb:set package 'tello_twin_logging' build argument 'cmake_args' from command line to 'None'
[0.343s] Level 5:colcon.colcon_core.verb:set package 'tello_twin_logging' build argument 'cmake_target' from command line to 'None'
[0.343s] Level 5:colcon.colcon_core.verb:set package 'tello_twin_logging' build argument 'cmake_target_skip_unavailable' from command line to 'False'
[0.343s] Level 5:colcon.colcon_core.verb:set package 'tello_twin_logging' build argument 'cmake_clean_cache' from command line to 'False'
[0.343s] Level 5:colcon.colcon_core.verb:set package 'tello_twin_logging' build argument 'cmake_clean_first' from command line to 'False'
[0.343s] Level 5:colcon.colcon_core.verb:set package 'tello_twin_logging' build argument 'cmake_force_configure' from command line to 'False'
[0.343s] Level 5:colcon.colcon_core.verb:set package 'tello_twin_logging' build argument 'ament_cmake_args' from command line to 'None'
[0.343s] Level 5:colcon.colcon_core.verb:set package 'tello_twin_logging' build argument 'catkin_cmake_args' from command line to 'None'
[0.343s] Level 5:colcon.colcon_core.verb:set package 'tello_twin_logging' build argument 'catkin_skip_building_tests' from command line to 'False'
[0.343s] DEBUG:colcon.colcon_core.verb:Building package 'tello_twin_logging' with the following arguments: {'ament_cmake_args': None, 'build_base': '/home/aghilas/tello_twin_ws/build/tello_twin_logging', 'catkin_cmake_args': None, 'catkin_skip_building_tests': False, 'cmake_args': None, 'cmake_clean_cache': False, 'cmake_clean_first': False, 'cmake_force_configure': False, 'cmake_target': None, 'cmake_target_skip_unavailable': False, 'install_base': '/home/aghilas/tello_twin_ws/install/tello_twin_logging', 'merge_install': False, 'path': '/home/aghilas/tello_twin_ws/src/tello_twin_logging', 'symlink_install': False, 'test_result_base': None}
[0.343s] Level 5:colcon.colcon_core.verb:set package 'tello_twin_msgs' build argument 'cmake_args' from command line to 'None'
[0.343s] Level 5:colcon.colcon_core.verb:set package 'tello_twin_msgs' build argument 'cmake_target' from command line to 'None'
[0.343s] Level 5:colcon.colcon_core.verb:set package 'tello_twin_msgs' build argument 'cmake_target_skip_unavailable' from command line to 'False'
[0.343s] Level 5:colcon.colcon_core.verb:set package 'tello_twin_msgs' build argument 'cmake_clean_cache' from command line to 'False'
[0.343s] Level 5:colcon.colcon_core.verb:set package 'tello_twin_msgs' build argument 'cmake_clean_first' from command line to 'False'
[0.343s] Level 5:colcon.colcon_core.verb:set package 'tello_twin_msgs' build argument 'cmake_force_configure' from command line to 'False'
[0.343s] Level 5:colcon.colcon_core.verb:set package 'tello_twin_msgs' build argument 'ament_cmake_args' from command line to 'None'
[0.343s] Level 5:colcon.colcon_core.verb:set package 'tello_twin_msgs' build argument 'catkin_cmake_args' from command line to 'None'
[0.343s] Level 5:colcon.colcon_core.verb:set package 'tello_twin_msgs' build argument 'catkin_skip_building_tests' from command line to 'False'
[0.343s] DEBUG:colcon.colcon_core.verb:Building package 'tello_twin_msgs' with the following arguments: {'ament_cmake_args': None, 'build_base': '/home/aghilas/tello_twin_ws/build/tello_twin_msgs', 'catkin_cmake_args': None, 'catkin_skip_building_tests': False, 'cmake_args': None, 'cmake_clean_cache': False, 'cmake_clean_first': False, 'cmake_force_configure': False, 'cmake_target': None, 'cmake_target_skip_unavailable': False, 'install_base': '/home/aghilas/tello_twin_ws/install/tello_twin_msgs', 'merge_install': False, 'path': '/home/aghilas/tello_twin_ws/src/tello_twin_msgs', 'symlink_install': False, 'test_result_base': None}
[0.344s] Level 5:colcon.colcon_core.verb:set package 'tello_twin_bringup' build argument 'cmake_args' from command line to 'None'
[0.344s] Level 5:colcon.colcon_core.verb:set package 'tello_twin_bringup' build argument 'cmake_target' from command line to 'None'
[0.344s] Level 5:colcon.colcon_core.verb:set package 'tello_twin_bringup' build argument 'cmake_target_skip_unavailable' from command line to 'False'
[0.344s] Level 5:colcon.colcon_core.verb:set package 'tello_twin_bringup' build argument 'cmake_clean_cache' from command line to 'False'
[0.344s] Level 5:colcon.colcon_core.verb:set package 'tello_twin_bringup' build argument 'cmake_clean_first' from command line to 'False'
[0.344s] Level 5:colcon.colcon_core.verb:set package 'tello_twin_bringup' build argument 'cmake_force_configure' from command line to 'False'
[0.344s] Level 5:colcon.colcon_core.verb:set package 'tello_twin_bringup' build argument 'ament_cmake_args' from command line to 'None'
[0.344s] Level 5:colcon.colcon_core.verb:set package 'tello_twin_bringup' build argument 'catkin_cmake_args' from command line to 'None'
[0.344s] Level 5:colcon.colcon_core.verb:set package 'tello_twin_bringup' build argument 'catkin_skip_building_tests' from command line to 'False'
[0.344s] DEBUG:colcon.colcon_core.verb:Building package 'tello_twin_bringup' with the following arguments: {'ament_cmake_args': None, 'build_base': '/home/aghilas/tello_twin_ws/build/tello_twin_bringup', 'catkin_cmake_args': None, 'catkin_skip_building_tests': False, 'cmake_args': None, 'cmake_clean_cache': False, 'cmake_clean_first': False, 'cmake_force_configure': False, 'cmake_target': None, 'cmake_target_skip_unavailable': False, 'install_base': '/home/aghilas/tello_twin_ws/install/tello_twin_bringup', 'merge_install': False, 'path': '/home/aghilas/tello_twin_ws/src/tello_twin_bringup', 'symlink_install': False, 'test_result_base': None}
[0.344s] INFO:colcon.colcon_core.executor:Executing jobs using 'parallel' executor
[0.345s] DEBUG:colcon.colcon_parallel_executor.executor.parallel:run_until_complete
[0.345s] INFO:colcon.colcon_ros.task.ament_python.build:Building ROS package in '/home/aghilas/tello_twin_ws/src/tello_twin_control' with build type 'ament_python'
[0.346s] Level 1:colcon.colcon_core.shell:create_environment_hook('tello_twin_control', 'ament_prefix_path')
[0.348s] INFO:colcon.colcon_core.plugin_system:Skipping extension 'colcon_core.shell.bat': Not used on non-Windows systems
[0.348s] INFO:colcon.colcon_core.shell:Creating environment hook '/home/aghilas/tello_twin_ws/install/tello_twin_control/share/tello_twin_control/hook/ament_prefix_path.ps1'
[0.349s] INFO:colcon.colcon_core.shell:Creating environment descriptor '/home/aghilas/tello_twin_ws/install/tello_twin_control/share/tello_twin_control/hook/ament_prefix_path.dsv'
[0.349s] INFO:colcon.colcon_core.shell:Creating environment hook '/home/aghilas/tello_twin_ws/install/tello_twin_control/share/tello_twin_control/hook/ament_prefix_path.sh'
[0.350s] INFO:colcon.colcon_core.shell:Skip shell extension 'powershell' for command environment: Not usable outside of PowerShell
[0.350s] DEBUG:colcon.colcon_core.shell:Skip shell extension 'dsv' for command environment
[0.355s] INFO:colcon.colcon_ros.task.ament_python.build:Building ROS package in '/home/aghilas/tello_twin_ws/src/tello_twin_logging' with build type 'ament_python'
[0.355s] Level 1:colcon.colcon_core.shell:create_environment_hook('tello_twin_logging', 'ament_prefix_path')
[0.355s] INFO:colcon.colcon_core.shell:Creating environment hook '/home/aghilas/tello_twin_ws/install/tello_twin_logging/share/tello_twin_logging/hook/ament_prefix_path.ps1'
[0.356s] INFO:colcon.colcon_core.shell:Creating environment descriptor '/home/aghilas/tello_twin_ws/install/tello_twin_logging/share/tello_twin_logging/hook/ament_prefix_path.dsv'
[0.356s] INFO:colcon.colcon_core.shell:Creating environment hook '/home/aghilas/tello_twin_ws/install/tello_twin_logging/share/tello_twin_logging/hook/ament_prefix_path.sh'
[0.357s] INFO:colcon.colcon_core.shell:Skip shell extension 'powershell' for command environment: Not usable outside of PowerShell
[0.357s] DEBUG:colcon.colcon_core.shell:Skip shell extension 'dsv' for command environment
[0.360s] INFO:colcon.colcon_ros.task.ament_python.build:Building ROS package in '/home/aghilas/tello_twin_ws/src/tello_twin_msgs' with build type 'ament_python'
[0.360s] Level 1:colcon.colcon_core.shell:create_environment_hook('tello_twin_msgs', 'ament_prefix_path')
[0.360s] INFO:colcon.colcon_core.shell:Creating environment hook '/home/aghilas/tello_twin_ws/install/tello_twin_msgs/share/tello_twin_msgs/hook/ament_prefix_path.ps1'
[0.361s] INFO:colcon.colcon_core.shell:Creating environment descriptor '/home/aghilas/tello_twin_ws/install/tello_twin_msgs/share/tello_twin_msgs/hook/ament_prefix_path.dsv'
[0.361s] INFO:colcon.colcon_core.shell:Creating environment hook '/home/aghilas/tello_twin_ws/install/tello_twin_msgs/share/tello_twin_msgs/hook/ament_prefix_path.sh'
[0.361s] INFO:colcon.colcon_core.shell:Skip shell extension 'powershell' for command environment: Not usable outside of PowerShell
[0.361s] DEBUG:colcon.colcon_core.shell:Skip shell extension 'dsv' for command environment
[0.623s] INFO:colcon.colcon_core.task.python.build:Building Python package in '/home/aghilas/tello_twin_ws/src/tello_twin_control'
[0.623s] INFO:colcon.colcon_core.shell:Skip shell extension 'powershell' for command environment: Not usable outside of PowerShell
[0.623s] DEBUG:colcon.colcon_core.shell:Skip shell extension 'dsv' for command environment
[0.877s] INFO:colcon.colcon_core.task.python.build:Building Python package in '/home/aghilas/tello_twin_ws/src/tello_twin_logging'
[0.877s] INFO:colcon.colcon_core.shell:Skip shell extension 'powershell' for command environment: Not usable outside of PowerShell
[0.877s] DEBUG:colcon.colcon_core.shell:Skip shell extension 'dsv' for command environment
[1.128s] INFO:colcon.colcon_core.task.python.build:Building Python package in '/home/aghilas/tello_twin_ws/src/tello_twin_msgs'
[1.128s] INFO:colcon.colcon_core.shell:Skip shell extension 'powershell' for command environment: Not usable outside of PowerShell
[1.128s] DEBUG:colcon.colcon_core.shell:Skip shell extension 'dsv' for command environment
[1.818s] DEBUG:colcon.colcon_core.event_handler.log_command:Invoking command in '/home/aghilas/tello_twin_ws/src/tello_twin_control': DEBUGINFOD_URLS=https://debuginfod.ubuntu.com PYTHONPATH=/home/aghilas/tello_twin_ws/build/tello_twin_control/prefix_override:/usr/lib/python3/dist-packages/colcon_core/task/python/colcon_distutils_commands:/home/aghilas/tello_twin_ws/install/tello_twin_control/lib/python3.12/site-packages:${PYTHONPATH} /usr/bin/python3 -W ignore:setup.py install is deprecated -W ignore:easy_install command is deprecated setup.py egg_info --egg-base ../../build/tello_twin_control build --build-base /home/aghilas/tello_twin_ws/build/tello_twin_control/build install --record /home/aghilas/tello_twin_ws/build/tello_twin_control/install.log --single-version-externally-managed install_data
[1.822s] DEBUG:colcon.colcon_core.event_handler.log_command:Invoking command in '/home/aghilas/tello_twin_ws/src/tello_twin_logging': DEBUGINFOD_URLS=https://debuginfod.ubuntu.com PYTHONPATH=/home/aghilas/tello_twin_ws/build/tello_twin_logging/prefix_override:/usr/lib/python3/dist-packages/colcon_core/task/python/colcon_distutils_commands:/home/aghilas/tello_twin_ws/install/tello_twin_logging/lib/python3.12/site-packages:${PYTHONPATH} /usr/bin/python3 -W ignore:setup.py install is deprecated -W ignore:easy_install command is deprecated setup.py egg_info --egg-base ../../build/tello_twin_logging build --build-base /home/aghilas/tello_twin_ws/build/tello_twin_logging/build install --record /home/aghilas/tello_twin_ws/build/tello_twin_logging/install.log --single-version-externally-managed install_data
[1.829s] DEBUG:colcon.colcon_core.event_handler.log_command:Invoking command in '/home/aghilas/tello_twin_ws/src/tello_twin_msgs': DEBUGINFOD_URLS=https://debuginfod.ubuntu.com PYTHONPATH=/home/aghilas/tello_twin_ws/build/tello_twin_msgs/prefix_override:/usr/lib/python3/dist-packages/colcon_core/task/python/colcon_distutils_commands:/home/aghilas/tello_twin_ws/install/tello_twin_msgs/lib/python3.12/site-packages:${PYTHONPATH} /usr/bin/python3 -W ignore:setup.py install is deprecated -W ignore:easy_install command is deprecated setup.py egg_info --egg-base ../../build/tello_twin_msgs build --build-base /home/aghilas/tello_twin_ws/build/tello_twin_msgs/build install --record /home/aghilas/tello_twin_ws/build/tello_twin_msgs/install.log --single-version-externally-managed install_data
[2.463s] DEBUG:colcon.colcon_core.event_handler.log_command:Invoked command in '/home/aghilas/tello_twin_ws/src/tello_twin_control' returned '0': DEBUGINFOD_URLS=https://debuginfod.ubuntu.com PYTHONPATH=/home/aghilas/tello_twin_ws/build/tello_twin_control/prefix_override:/usr/lib/python3/dist-packages/colcon_core/task/python/colcon_distutils_commands:/home/aghilas/tello_twin_ws/install/tello_twin_control/lib/python3.12/site-packages:${PYTHONPATH} /usr/bin/python3 -W ignore:setup.py install is deprecated -W ignore:easy_install command is deprecated setup.py egg_info --egg-base ../../build/tello_twin_control build --build-base /home/aghilas/tello_twin_ws/build/tello_twin_control/build install --record /home/aghilas/tello_twin_ws/build/tello_twin_control/install.log --single-version-externally-managed install_data
[2.466s] Level 1:colcon.colcon_core.environment:checking '/home/aghilas/tello_twin_ws/install/tello_twin_control' for CMake module files
[2.466s] Level 1:colcon.colcon_core.environment:checking '/home/aghilas/tello_twin_ws/install/tello_twin_control' for CMake config files
[2.467s] Level 1:colcon.colcon_core.environment:checking '/home/aghilas/tello_twin_ws/install/tello_twin_control/lib'
[2.467s] Level 1:colcon.colcon_core.environment:checking '/home/aghilas/tello_twin_ws/install/tello_twin_control/bin'
[2.467s] Level 1:colcon.colcon_core.environment:checking '/home/aghilas/tello_twin_ws/install/tello_twin_control/lib/pkgconfig/tello_twin_control.pc'
[2.468s] Level 1:colcon.colcon_core.environment:checking '/home/aghilas/tello_twin_ws/install/tello_twin_control/lib/python3.12/site-packages'
[2.468s] Level 1:colcon.colcon_core.shell:create_environment_hook('tello_twin_control', 'pythonpath')
[2.468s] INFO:colcon.colcon_core.shell:Creating environment hook '/home/aghilas/tello_twin_ws/install/tello_twin_control/share/tello_twin_control/hook/pythonpath.ps1'
[2.468s] INFO:colcon.colcon_core.shell:Creating environment descriptor '/home/aghilas/tello_twin_ws/install/tello_twin_control/share/tello_twin_control/hook/pythonpath.dsv'
[2.469s] INFO:colcon.colcon_core.shell:Creating environment hook '/home/aghilas/tello_twin_ws/install/tello_twin_control/share/tello_twin_control/hook/pythonpath.sh'
[2.470s] Level 1:colcon.colcon_core.environment:checking '/home/aghilas/tello_twin_ws/install/tello_twin_control/bin'
[2.470s] Level 1:colcon.colcon_core.environment:create_environment_scripts_only(tello_twin_control)
[2.470s] INFO:colcon.colcon_core.shell:Creating package script '/home/aghilas/tello_twin_ws/install/tello_twin_control/share/tello_twin_control/package.ps1'
[2.471s] INFO:colcon.colcon_core.shell:Creating package descriptor '/home/aghilas/tello_twin_ws/install/tello_twin_control/share/tello_twin_control/package.dsv'
[2.472s] INFO:colcon.colcon_core.shell:Creating package script '/home/aghilas/tello_twin_ws/install/tello_twin_control/share/tello_twin_control/package.sh'
[2.472s] INFO:colcon.colcon_core.shell:Creating package script '/home/aghilas/tello_twin_ws/install/tello_twin_control/share/tello_twin_control/package.bash'
[2.473s] INFO:colcon.colcon_core.shell:Creating package script '/home/aghilas/tello_twin_ws/install/tello_twin_control/share/tello_twin_control/package.zsh'
[2.473s] Level 1:colcon.colcon_core.environment:create_file_with_runtime_dependencies(/home/aghilas/tello_twin_ws/install/tello_twin_control/share/colcon-core/packages/tello_twin_control)
[2.475s] Level 1:colcon.colcon_core.environment:checking '/home/aghilas/tello_twin_ws/install/tello_twin_logging' for CMake module files
[2.475s] DEBUG:colcon.colcon_core.event_handler.log_command:Invoked command in '/home/aghilas/tello_twin_ws/src/tello_twin_logging' returned '0': DEBUGINFOD_URLS=https://debuginfod.ubuntu.com PYTHONPATH=/home/aghilas/tello_twin_ws/build/tello_twin_logging/prefix_override:/usr/lib/python3/dist-packages/colcon_core/task/python/colcon_distutils_commands:/home/aghilas/tello_twin_ws/install/tello_twin_logging/lib/python3.12/site-packages:${PYTHONPATH} /usr/bin/python3 -W ignore:setup.py install is deprecated -W ignore:easy_install command is deprecated setup.py egg_info --egg-base ../../build/tello_twin_logging build --build-base /home/aghilas/tello_twin_ws/build/tello_twin_logging/build install --record /home/aghilas/tello_twin_ws/build/tello_twin_logging/install.log --single-version-externally-managed install_data
[2.475s] Level 1:colcon.colcon_core.environment:checking '/home/aghilas/tello_twin_ws/install/tello_twin_logging' for CMake config files
[2.476s] Level 1:colcon.colcon_core.environment:checking '/home/aghilas/tello_twin_ws/install/tello_twin_logging/lib'
[2.476s] Level 1:colcon.colcon_core.environment:checking '/home/aghilas/tello_twin_ws/install/tello_twin_logging/bin'
[2.476s] Level 1:colcon.colcon_core.environment:checking '/home/aghilas/tello_twin_ws/install/tello_twin_logging/lib/pkgconfig/tello_twin_logging.pc'
[2.476s] Level 1:colcon.colcon_core.environment:checking '/home/aghilas/tello_twin_ws/install/tello_twin_logging/lib/python3.12/site-packages'
[2.476s] Level 1:colcon.colcon_core.shell:create_environment_hook('tello_twin_logging', 'pythonpath')
[2.476s] INFO:colcon.colcon_core.shell:Creating environment hook '/home/aghilas/tello_twin_ws/install/tello_twin_logging/share/tello_twin_logging/hook/pythonpath.ps1'
[2.477s] INFO:colcon.colcon_core.shell:Creating environment descriptor '/home/aghilas/tello_twin_ws/install/tello_twin_logging/share/tello_twin_logging/hook/pythonpath.dsv'
[2.477s] INFO:colcon.colcon_core.shell:Creating environment hook '/home/aghilas/tello_twin_ws/install/tello_twin_logging/share/tello_twin_logging/hook/pythonpath.sh'
[2.478s] Level 1:colcon.colcon_core.environment:checking '/home/aghilas/tello_twin_ws/install/tello_twin_logging/bin'
[2.478s] Level 1:colcon.colcon_core.environment:create_environment_scripts_only(tello_twin_logging)
[2.478s] INFO:colcon.colcon_core.shell:Creating package script '/home/aghilas/tello_twin_ws/install/tello_twin_logging/share/tello_twin_logging/package.ps1'
[2.478s] INFO:colcon.colcon_core.shell:Creating package descriptor '/home/aghilas/tello_twin_ws/install/tello_twin_logging/share/tello_twin_logging/package.dsv'
[2.479s] INFO:colcon.colcon_core.shell:Creating package script '/home/aghilas/tello_twin_ws/install/tello_twin_logging/share/tello_twin_logging/package.sh'
[2.479s] INFO:colcon.colcon_core.shell:Creating package script '/home/aghilas/tello_twin_ws/install/tello_twin_logging/share/tello_twin_logging/package.bash'
[2.479s] INFO:colcon.colcon_core.shell:Creating package script '/home/aghilas/tello_twin_ws/install/tello_twin_logging/share/tello_twin_logging/package.zsh'
[2.480s] Level 1:colcon.colcon_core.environment:create_file_with_runtime_dependencies(/home/aghilas/tello_twin_ws/install/tello_twin_logging/share/colcon-core/packages/tello_twin_logging)
[2.480s] INFO:colcon.colcon_ros.task.ament_python.build:Building ROS package in '/home/aghilas/tello_twin_ws/src/tello_twin_bringup' with build type 'ament_python'
[2.480s] Level 1:colcon.colcon_core.shell:create_environment_hook('tello_twin_bringup', 'ament_prefix_path')
[2.480s] INFO:colcon.colcon_core.shell:Creating environment hook '/home/aghilas/tello_twin_ws/install/tello_twin_bringup/share/tello_twin_bringup/hook/ament_prefix_path.ps1'
[2.481s] INFO:colcon.colcon_core.shell:Creating environment descriptor '/home/aghilas/tello_twin_ws/install/tello_twin_bringup/share/tello_twin_bringup/hook/ament_prefix_path.dsv'
[2.481s] INFO:colcon.colcon_core.shell:Creating environment hook '/home/aghilas/tello_twin_ws/install/tello_twin_bringup/share/tello_twin_bringup/hook/ament_prefix_path.sh'
[2.482s] INFO:colcon.colcon_core.shell:Skip shell extension 'powershell' for command environment: Not usable outside of PowerShell
[2.482s] DEBUG:colcon.colcon_core.shell:Skip shell extension 'dsv' for command environment
[2.488s] Level 1:colcon.colcon_core.environment:checking '/home/aghilas/tello_twin_ws/install/tello_twin_msgs' for CMake module files
[2.489s] DEBUG:colcon.colcon_core.event_handler.log_command:Invoked command in '/home/aghilas/tello_twin_ws/src/tello_twin_msgs' returned '0': DEBUGINFOD_URLS=https://debuginfod.ubuntu.com PYTHONPATH=/home/aghilas/tello_twin_ws/build/tello_twin_msgs/prefix_override:/usr/lib/python3/dist-packages/colcon_core/task/python/colcon_distutils_commands:/home/aghilas/tello_twin_ws/install/tello_twin_msgs/lib/python3.12/site-packages:${PYTHONPATH} /usr/bin/python3 -W ignore:setup.py install is deprecated -W ignore:easy_install command is deprecated setup.py egg_info --egg-base ../../build/tello_twin_msgs build --build-base /home/aghilas/tello_twin_ws/build/tello_twin_msgs/build install --record /home/aghilas/tello_twin_ws/build/tello_twin_msgs/install.log --single-version-externally-managed install_data
[2.489s] Level 1:colcon.colcon_core.environment:checking '/home/aghilas/tello_twin_ws/install/tello_twin_msgs' for CMake config files
[2.490s] Level 1:colcon.colcon_core.environment:checking '/home/aghilas/tello_twin_ws/install/tello_twin_msgs/lib'
[2.490s] Level 1:colcon.colcon_core.environment:checking '/home/aghilas/tello_twin_ws/install/tello_twin_msgs/bin'
[2.490s] Level 1:colcon.colcon_core.environment:checking '/home/aghilas/tello_twin_ws/install/tello_twin_msgs/lib/pkgconfig/tello_twin_msgs.pc'
[2.490s] Level 1:colcon.colcon_core.environment:checking '/home/aghilas/tello_twin_ws/install/tello_twin_msgs/lib/python3.12/site-packages'
[2.491s] Level 1:colcon.colcon_core.shell:create_environment_hook('tello_twin_msgs', 'pythonpath')
[2.491s] INFO:colcon.colcon_core.shell:Creating environment hook '/home/aghilas/tello_twin_ws/install/tello_twin_msgs/share/tello_twin_msgs/hook/pythonpath.ps1'
[2.491s] INFO:colcon.colcon_core.shell:Creating environment descriptor '/home/aghilas/tello_twin_ws/install/tello_twin_msgs/share/tello_twin_msgs/hook/pythonpath.dsv'
[2.492s] INFO:colcon.colcon_core.shell:Creating environment hook '/home/aghilas/tello_twin_ws/install/tello_twin_msgs/share/tello_twin_msgs/hook/pythonpath.sh'
[2.492s] Level 1:colcon.colcon_core.environment:checking '/home/aghilas/tello_twin_ws/install/tello_twin_msgs/bin'
[2.492s] Level 1:colcon.colcon_core.environment:create_environment_scripts_only(tello_twin_msgs)
[2.493s] INFO:colcon.colcon_core.shell:Creating package script '/home/aghilas/tello_twin_ws/install/tello_twin_msgs/share/tello_twin_msgs/package.ps1'
[2.493s] INFO:colcon.colcon_core.shell:Creating package descriptor '/home/aghilas/tello_twin_ws/install/tello_twin_msgs/share/tello_twin_msgs/package.dsv'
[2.493s] INFO:colcon.colcon_core.shell:Creating package script '/home/aghilas/tello_twin_ws/install/tello_twin_msgs/share/tello_twin_msgs/package.sh'
[2.494s] INFO:colcon.colcon_core.shell:Creating package script '/home/aghilas/tello_twin_ws/install/tello_twin_msgs/share/tello_twin_msgs/package.bash'
[2.494s] INFO:colcon.colcon_core.shell:Creating package script '/home/aghilas/tello_twin_ws/install/tello_twin_msgs/share/tello_twin_msgs/package.zsh'
[2.494s] Level 1:colcon.colcon_core.environment:create_file_with_runtime_dependencies(/home/aghilas/tello_twin_ws/install/tello_twin_msgs/share/colcon-core/packages/tello_twin_msgs)
[2.754s] INFO:colcon.colcon_core.task.python.build:Building Python package in '/home/aghilas/tello_twin_ws/src/tello_twin_bringup'
[2.755s] INFO:colcon.colcon_core.shell:Skip shell extension 'powershell' for command environment: Not usable outside of PowerShell
[2.755s] DEBUG:colcon.colcon_core.shell:Skip shell extension 'dsv' for command environment
[3.404s] DEBUG:colcon.colcon_core.event_handler.log_command:Invoking command in '/home/aghilas/tello_twin_ws/src/tello_twin_bringup': AMENT_PREFIX_PATH=/home/aghilas/tello_twin_ws/install/tello_twin_logging:/home/aghilas/tello_twin_ws/install/tello_twin_control:/home/aghilas/tello_twin_ws/install/tello_twin_msgs:/home/aghilas/tello_twin_ws/install/tello_twin_bringup:/home/aghilas/ros2_ws/install/my_custom_srv:/opt/ros/jazzy DEBUGINFOD_URLS=https://debuginfod.ubuntu.com PYTHONPATH=/home/aghilas/tello_twin_ws/build/tello_twin_bringup/prefix_override:/usr/lib/python3/dist-packages/colcon_core/task/python/colcon_distutils_commands:/home/aghilas/tello_twin_ws/install/tello_twin_bringup/lib/python3.12/site-packages:/home/aghilas/tello_twin_ws/install/tello_twin_logging/lib/python3.12/site-packages:/home/aghilas/tello_twin_ws/install/tello_twin_control/lib/python3.12/site-packages:/home/aghilas/tello_twin_ws/install/tello_twin_msgs/lib/python3.12/site-packages:/home/aghilas/tello_twin_ws/install/tello_twin_bringup/lib/python3.12/site-packages:/home/aghilas/ros2_ws/install/my_custom_srv/lib/python3.12/site-packages:/opt/ros/jazzy/lib/python3.12/site-packages /usr/bin/python3 -W ignore:setup.py install is deprecated -W ignore:easy_install command is deprecated setup.py egg_info --egg-base ../../build/tello_twin_bringup build --build-base /home/aghilas/tello_twin_ws/build/tello_twin_bringup/build install --record /home/aghilas/tello_twin_ws/build/tello_twin_bringup/install.log --single-version-externally-managed install_data
[3.974s] Level 1:colcon.colcon_core.environment:checking '/home/aghilas/tello_twin_ws/install/tello_twin_bringup' for CMake module files
[3.974s] DEBUG:colcon.colcon_core.event_handler.log_command:Invoked command in '/home/aghilas/tello_twin_ws/src/tello_twin_bringup' returned '0': AMENT_PREFIX_PATH=/home/aghilas/tello_twin_ws/install/tello_twin_logging:/home/aghilas/tello_twin_ws/install/tello_twin_control:/home/aghilas/tello_twin_ws/install/tello_twin_msgs:/home/aghilas/tello_twin_ws/install/tello_twin_bringup:/home/aghilas/ros2_ws/install/my_custom_srv:/opt/ros/jazzy DEBUGINFOD_URLS=https://debuginfod.ubuntu.com PYTHONPATH=/home/aghilas/tello_twin_ws/build/tello_twin_bringup/prefix_override:/usr/lib/python3/dist-packages/colcon_core/task/python/colcon_distutils_commands:/home/aghilas/tello_twin_ws/install/tello_twin_bringup/lib/python3.12/site-packages:/home/aghilas/tello_twin_ws/install/tello_twin_logging/lib/python3.12/site-packages:/home/aghilas/tello_twin_ws/install/tello_twin_control/lib/python3.12/site-packages:/home/aghilas/tello_twin_ws/install/tello_twin_msgs/lib/python3.12/site-packages:/home/aghilas/tello_twin_ws/install/tello_twin_bringup/lib/python3.12/site-packages:/home/aghilas/ros2_ws/install/my_custom_srv/lib/python3.12/site-packages:/opt/ros/jazzy/lib/python3.12/site-packages /usr/bin/python3 -W ignore:setup.py install is deprecated -W ignore:easy_install command is deprecated setup.py egg_info --egg-base ../../build/tello_twin_bringup build --build-base /home/aghilas/tello_twin_ws/build/tello_twin_bringup/build install --record /home/aghilas/tello_twin_ws/build/tello_twin_bringup/install.log --single-version-externally-managed install_data
[3.974s] Level 1:colcon.colcon_core.environment:checking '/home/aghilas/tello_twin_ws/install/tello_twin_bringup' for CMake config files
[3.975s] Level 1:colcon.colcon_core.environment:checking '/home/aghilas/tello_twin_ws/install/tello_twin_bringup/lib'
[3.975s] Level 1:colcon.colcon_core.environment:checking '/home/aghilas/tello_twin_ws/install/tello_twin_bringup/bin'
[3.975s] Level 1:colcon.colcon_core.environment:checking '/home/aghilas/tello_twin_ws/install/tello_twin_bringup/lib/pkgconfig/tello_twin_bringup.pc'
[3.975s] Level 1:colcon.colcon_core.environment:checking '/home/aghilas/tello_twin_ws/install/tello_twin_bringup/lib/python3.12/site-packages'
[3.975s] Level 1:colcon.colcon_core.shell:create_environment_hook('tello_twin_bringup', 'pythonpath')
[3.976s] INFO:colcon.colcon_core.shell:Creating environment hook '/home/aghilas/tello_twin_ws/install/tello_twin_bringup/share/tello_twin_bringup/hook/pythonpath.ps1'
[3.976s] INFO:colcon.colcon_core.shell:Creating environment descriptor '/home/aghilas/tello_twin_ws/install/tello_twin_bringup/share/tello_twin_bringup/hook/pythonpath.dsv'
[3.976s] INFO:colcon.colcon_core.shell:Creating environment hook '/home/aghilas/tello_twin_ws/install/tello_twin_bringup/share/tello_twin_bringup/hook/pythonpath.sh'
[3.977s] Level 1:colcon.colcon_core.environment:checking '/home/aghilas/tello_twin_ws/install/tello_twin_bringup/bin'
[3.977s] Level 1:colcon.colcon_core.environment:create_environment_scripts_only(tello_twin_bringup)
[3.977s] INFO:colcon.colcon_core.shell:Creating package script '/home/aghilas/tello_twin_ws/install/tello_twin_bringup/share/tello_twin_bringup/package.ps1'
[3.978s] INFO:colcon.colcon_core.shell:Creating package descriptor '/home/aghilas/tello_twin_ws/install/tello_twin_bringup/share/tello_twin_bringup/package.dsv'
[3.978s] INFO:colcon.colcon_core.shell:Creating package script '/home/aghilas/tello_twin_ws/install/tello_twin_bringup/share/tello_twin_bringup/package.sh'
[3.978s] INFO:colcon.colcon_core.shell:Creating package script '/home/aghilas/tello_twin_ws/install/tello_twin_bringup/share/tello_twin_bringup/package.bash'
[3.979s] INFO:colcon.colcon_core.shell:Creating package script '/home/aghilas/tello_twin_ws/install/tello_twin_bringup/share/tello_twin_bringup/package.zsh'
[3.979s] Level 1:colcon.colcon_core.environment:create_file_with_runtime_dependencies(/home/aghilas/tello_twin_ws/install/tello_twin_bringup/share/colcon-core/packages/tello_twin_bringup)
[3.979s] DEBUG:colcon.colcon_parallel_executor.executor.parallel:closing loop
[3.980s] DEBUG:colcon.colcon_parallel_executor.executor.parallel:loop closed
[3.980s] DEBUG:colcon.colcon_parallel_executor.executor.parallel:run_until_complete finished with '0'
[3.980s] DEBUG:colcon.colcon_core.event_reactor:joining thread
[3.987s] INFO:colcon.colcon_core.plugin_system:Skipping extension 'colcon_notification.desktop_notification.terminal_notifier': Not used on non-Darwin systems
[3.987s] INFO:colcon.colcon_core.plugin_system:Skipping extension 'colcon_notification.desktop_notification.win32': Not used on non-Windows systems
[3.987s] INFO:colcon.colcon_notification.desktop_notification:Sending desktop notification using 'notify2'
[3.999s] DEBUG:colcon.colcon_core.event_reactor:joined thread
[3.999s] INFO:colcon.colcon_core.shell:Creating prefix script '/home/aghilas/tello_twin_ws/install/local_setup.ps1'
[4.000s] INFO:colcon.colcon_core.shell:Creating prefix util module '/home/aghilas/tello_twin_ws/install/_local_setup_util_ps1.py'
[4.001s] INFO:colcon.colcon_core.shell:Creating prefix chain script '/home/aghilas/tello_twin_ws/install/setup.ps1'
[4.003s] INFO:colcon.colcon_core.shell:Creating prefix script '/home/aghilas/tello_twin_ws/install/local_setup.sh'
[4.003s] INFO:colcon.colcon_core.shell:Creating prefix util module '/home/aghilas/tello_twin_ws/install/_local_setup_util_sh.py'
[4.004s] INFO:colcon.colcon_core.shell:Creating prefix chain script '/home/aghilas/tello_twin_ws/install/setup.sh'
[4.005s] INFO:colcon.colcon_core.shell:Creating prefix script '/home/aghilas/tello_twin_ws/install/local_setup.bash'
[4.006s] INFO:colcon.colcon_core.shell:Creating prefix chain script '/home/aghilas/tello_twin_ws/install/setup.bash'
[4.007s] INFO:colcon.colcon_core.shell:Creating prefix script '/home/aghilas/tello_twin_ws/install/local_setup.zsh'
[4.007s] INFO:colcon.colcon_core.shell:Creating prefix chain script '/home/aghilas/tello_twin_ws/install/setup.zsh'
