[0.073s] DEBUG:colcon:Command line arguments: ['/usr/bin/colcon', 'build', '--packages-select', 'tello_twin_logging', 'tello_twin_control']
[0.073s] DEBUG:colcon:Parsed command line arguments: Namespace(log_base=None, log_level=None, verb_name='build', build_base='build', install_base='install', merge_install=False, symlink_install=False, test_result_base=None, continue_on_error=False, executor='parallel', parallel_workers=8, event_handlers=None, ignore_user_meta=False, metas=['./colcon.meta'], base_paths=['.'], packages_ignore=None, packages_ignore_regex=None, paths=None, packages_up_to=None, packages_up_to_regex=None, packages_above=None, packages_above_and_dependencies=None, packages_above_depth=None, packages_select_by_dep=None, packages_skip_by_dep=None, packages_skip_up_to=None, packages_select_build_failed=False, packages_skip_build_finished=False, packages_select_test_failures=False, packages_skip_test_passed=False, packages_select=['tello_twin_logging', 'tello_twin_control'], packages_skip=None, packages_select_regex=None, packages_skip_regex=None, packages_start=None, packages_end=None, allow_overriding=[], cmake_args=None, cmake_target=None, cmake_target_skip_unavailable=False, cmake_clean_cache=False, cmake_clean_first=False, cmake_force_configure=False, ament_cmake_args=None, catkin_cmake_args=None, catkin_skip_building_tests=False, verb_parser=<colcon_defaults.argument_parser.defaults.DefaultArgumentsDecorator object at 0x7d9ab0581df0>, verb_extension=<colcon_core.verb.build.BuildVerb object at 0x7d9ab0581ac0>, main=<bound method BuildVerb.main of <colcon_core.verb.build.BuildVerb object at 0x7d9ab0581ac0>>)
[0.100s] Level 1:colcon.colcon_core.package_discovery:discover_packages(colcon_meta) check parameters
[0.100s] Level 1:colcon.colcon_core.package_discovery:discover_packages(recursive) check parameters
[0.100s] Level 1:colcon.colcon_core.package_discovery:discover_packages(ignore) check parameters
[0.101s] Level 1:colcon.colcon_core.package_discovery:discover_packages(path) check parameters
[0.101s] Level 1:colcon.colcon_core.package_discovery:discover_packages(colcon_meta) discover
[0.101s] Level 1:colcon.colcon_core.package_discovery:discover_packages(recursive) discover
[0.101s] INFO:colcon.colcon_core.package_discovery:Crawling recursively for packages in '/home/aghilas/tello_twin_ws'
[0.101s] Level 1:colcon.colcon_core.package_identification:_identify(.) by extensions ['ignore', 'ignore_ament_install']
[0.101s] Level 1:colcon.colcon_core.package_identification:_identify(.) by extension 'ignore'
[0.101s] Level 1:colcon.colcon_core.package_identification:_identify(.) by extension 'ignore_ament_install'
[0.101s] Level 1:colcon.colcon_core.package_identification:_identify(.) by extensions ['colcon_pkg']
[0.101s] Level 1:colcon.colcon_core.package_identification:_identify(.) by extension 'colcon_pkg'
[0.101s] Level 1:colcon.colcon_core.package_identification:_identify(.) by extensions ['colcon_meta']
[0.101s] Level 1:colcon.colcon_core.package_identification:_identify(.) by extension 'colcon_meta'
[0.101s] Level 1:colcon.colcon_core.package_identification:_identify(.) by extensions ['ros']
[0.101s] Level 1:colcon.colcon_core.package_identification:_identify(.) by extension 'ros'
[0.119s] Level 1:colcon.colcon_core.package_identification:_identify(.) by extensions ['cmake', 'python']
[0.119s] Level 1:colcon.colcon_core.package_identification:_identify(.) by extension 'cmake'
[0.119s] Level 1:colcon.colcon_core.package_identification:_identify(.) by extension 'python'
[0.119s] Level 1:colcon.colcon_core.package_identification:_identify(.) by extensions ['python_setup_py']
[0.119s] Level 1:colcon.colcon_core.package_identification:_identify(.) by extension 'python_setup_py'
[0.119s] Level 1:colcon.colcon_core.package_identification:_identify(build) by extensions ['ignore', 'ignore_ament_install']
[0.119s] Level 1:colcon.colcon_core.package_identification:_identify(build) by extension 'ignore'
[0.119s] Level 1:colcon.colcon_core.package_identification:_identify(build) ignored
[0.119s] Level 1:colcon.colcon_core.package_identification:_identify(install) by extensions ['ignore', 'ignore_ament_install']
[0.119s] Level 1:colcon.colcon_core.package_identification:_identify(install) by extension 'ignore'
[0.119s] Level 1:colcon.colcon_core.package_identification:_identify(install) ignored
[0.119s] Level 1:colcon.colcon_core.package_identification:_identify(log) by extensions ['ignore', 'ignore_ament_install']
[0.119s] Level 1:colcon.colcon_core.package_identification:_identify(log) by extension 'ignore'
[0.119s] Level 1:colcon.colcon_core.package_identification:_identify(log) ignored
[0.119s] Level 1:colcon.colcon_core.package_identification:_identify(src) by extensions ['ignore', 'ignore_ament_install']
[0.120s] Level 1:colcon.colcon_core.package_identification:_identify(src) by extension 'ignore'
[0.120s] Level 1:colcon.colcon_core.package_identification:_identify(src) by extension 'ignore_ament_install'
[0.120s] Level 1:colcon.colcon_core.package_identification:_identify(src) by extensions ['colcon_pkg']
[0.120s] Level 1:colcon.colcon_core.package_identification:_identify(src) by extension 'colcon_pkg'
[0.120s] Level 1:colcon.colcon_core.package_identification:_identify(src) by extensions ['colcon_meta']
[0.120s] Level 1:colcon.colcon_core.package_identification:_identify(src) by extension 'colcon_meta'
[0.120s] Level 1:colcon.colcon_core.package_identification:_identify(src) by extensions ['ros']
[0.120s] Level 1:colcon.colcon_core.package_identification:_identify(src) by extension 'ros'
[0.120s] Level 1:colcon.colcon_core.package_identification:_identify(src) by extensions ['cmake', 'python']
[0.120s] Level 1:colcon.colcon_core.package_identification:_identify(src) by extension 'cmake'
[0.120s] Level 1:colcon.colcon_core.package_identification:_identify(src) by extension 'python'
[0.120s] Level 1:colcon.colcon_core.package_identification:_identify(src) by extensions ['python_setup_py']
[0.120s] Level 1:colcon.colcon_core.package_identification:_identify(src) by extension 'python_setup_py'
[0.120s] Level 1:colcon.colcon_core.package_identification:_identify(src/tello_twin_bringup) by extensions ['ignore', 'ignore_ament_install']
[0.120s] Level 1:colcon.colcon_core.package_identification:_identify(src/tello_twin_bringup) by extension 'ignore'
[0.120s] Level 1:colcon.colcon_core.package_identification:_identify(src/tello_twin_bringup) by extension 'ignore_ament_install'
[0.120s] Level 1:colcon.colcon_core.package_identification:_identify(src/tello_twin_bringup) by extensions ['colcon_pkg']
[0.120s] Level 1:colcon.colcon_core.package_identification:_identify(src/tello_twin_bringup) by extension 'colcon_pkg'
[0.120s] Level 1:colcon.colcon_core.package_identification:_identify(src/tello_twin_bringup) by extensions ['colcon_meta']
[0.120s] Level 1:colcon.colcon_core.package_identification:_identify(src/tello_twin_bringup) by extension 'colcon_meta'
[0.120s] Level 1:colcon.colcon_core.package_identification:_identify(src/tello_twin_bringup) by extensions ['ros']
[0.120s] Level 1:colcon.colcon_core.package_identification:_identify(src/tello_twin_bringup) by extension 'ros'
[0.122s] DEBUG:colcon.colcon_core.package_identification:Package 'src/tello_twin_bringup' with type 'ros.ament_python' and name 'tello_twin_bringup'
[0.122s] Level 1:colcon.colcon_core.package_identification:_identify(src/tello_twin_control) by extensions ['ignore', 'ignore_ament_install']
[0.122s] Level 1:colcon.colcon_core.package_identification:_identify(src/tello_twin_control) by extension 'ignore'
[0.122s] Level 1:colcon.colcon_core.package_identification:_identify(src/tello_twin_control) by extension 'ignore_ament_install'
[0.122s] Level 1:colcon.colcon_core.package_identification:_identify(src/tello_twin_control) by extensions ['colcon_pkg']
[0.122s] Level 1:colcon.colcon_core.package_identification:_identify(src/tello_twin_control) by extension 'colcon_pkg'
[0.122s] Level 1:colcon.colcon_core.package_identification:_identify(src/tello_twin_control) by extensions ['colcon_meta']
[0.122s] Level 1:colcon.colcon_core.package_identification:_identify(src/tello_twin_control) by extension 'colcon_meta'
[0.123s] Level 1:colcon.colcon_core.package_identification:_identify(src/tello_twin_control) by extensions ['ros']
[0.123s] Level 1:colcon.colcon_core.package_identification:_identify(src/tello_twin_control) by extension 'ros'
[0.123s] DEBUG:colcon.colcon_core.package_identification:Package 'src/tello_twin_control' with type 'ros.ament_python' and name 'tello_twin_control'
[0.123s] Level 1:colcon.colcon_core.package_identification:_identify(src/tello_twin_logging) by extensions ['ignore', 'ignore_ament_install']
[0.123s] Level 1:colcon.colcon_core.package_identification:_identify(src/tello_twin_logging) by extension 'ignore'
[0.123s] Level 1:colcon.colcon_core.package_identification:_identify(src/tello_twin_logging) by extension 'ignore_ament_install'
[0.123s] Level 1:colcon.colcon_core.package_identification:_identify(src/tello_twin_logging) by extensions ['colcon_pkg']
[0.123s] Level 1:colcon.colcon_core.package_identification:_identify(src/tello_twin_logging) by extension 'colcon_pkg'
[0.123s] Level 1:colcon.colcon_core.package_identification:_identify(src/tello_twin_logging) by extensions ['colcon_meta']
[0.123s] Level 1:colcon.colcon_core.package_identification:_identify(src/tello_twin_logging) by extension 'colcon_meta'
[0.123s] Level 1:colcon.colcon_core.package_identification:_identify(src/tello_twin_logging) by extensions ['ros']
[0.123s] Level 1:colcon.colcon_core.package_identification:_identify(src/tello_twin_logging) by extension 'ros'
[0.124s] DEBUG:colcon.colcon_core.package_identification:Package 'src/tello_twin_logging' with type 'ros.ament_python' and name 'tello_twin_logging'
[0.124s] Level 1:colcon.colcon_core.package_identification:_identify(src/tello_twin_msgs) by extensions ['ignore', 'ignore_ament_install']
[0.124s] Level 1:colcon.colcon_core.package_identification:_identify(src/tello_twin_msgs) by extension 'ignore'
[0.124s] Level 1:colcon.colcon_core.package_identification:_identify(src/tello_twin_msgs) by extension 'ignore_ament_install'
[0.124s] Level 1:colcon.colcon_core.package_identification:_identify(src/tello_twin_msgs) by extensions ['colcon_pkg']
[0.124s] Level 1:colcon.colcon_core.package_identification:_identify(src/tello_twin_msgs) by extension 'colcon_pkg'
[0.124s] Level 1:colcon.colcon_core.package_identification:_identify(src/tello_twin_msgs) by extensions ['colcon_meta']
[0.124s] Level 1:colcon.colcon_core.package_identification:_identify(src/tello_twin_msgs) by extension 'colcon_meta'
[0.124s] Level 1:colcon.colcon_core.package_identification:_identify(src/tello_twin_msgs) by extensions ['ros']
[0.124s] Level 1:colcon.colcon_core.package_identification:_identify(src/tello_twin_msgs) by extension 'ros'
[0.124s] DEBUG:colcon.colcon_core.package_identification:Package 'src/tello_twin_msgs' with type 'ros.ament_python' and name 'tello_twin_msgs'
[0.124s] Level 1:colcon.colcon_core.package_discovery:discover_packages(recursive) using defaults
[0.124s] Level 1:colcon.colcon_core.package_discovery:discover_packages(ignore) discover
[0.124s] Level 1:colcon.colcon_core.package_discovery:discover_packages(ignore) using defaults
[0.124s] Level 1:colcon.colcon_core.package_discovery:discover_packages(path) discover
[0.124s] Level 1:colcon.colcon_core.package_discovery:discover_packages(path) using defaults
[0.137s] INFO:colcon.colcon_core.package_selection:Skipping not selected package 'tello_twin_msgs' in 'src/tello_twin_msgs'
[0.137s] INFO:colcon.colcon_core.package_selection:Skipping not selected package 'tello_twin_bringup' in 'src/tello_twin_bringup'
[0.138s] Level 1:colcon.colcon_core.package_discovery:discover_packages(prefix_path) check parameters
[0.138s] Level 1:colcon.colcon_core.package_discovery:discover_packages(prefix_path) discover
[0.139s] DEBUG:colcon.colcon_installed_package_information.package_discovery:Found 4 installed packages in /home/aghilas/tello_twin_ws/install
[0.139s] DEBUG:colcon.colcon_installed_package_information.package_discovery:Found 1 installed packages in /home/aghilas/ros2_ws/install
[0.140s] DEBUG:colcon.colcon_installed_package_information.package_discovery:Found 341 installed packages in /opt/ros/jazzy
[0.141s] Level 1:colcon.colcon_core.package_discovery:discover_packages(prefix_path) using defaults
[0.172s] WARNING:colcon.colcon_core.package_selection:Some selected packages are already built in one or more underlay workspaces:
	'tello_twin_logging' is in: /home/aghilas/tello_twin_ws/install/tello_twin_logging
	'tello_twin_control' is in: /home/aghilas/tello_twin_ws/install/tello_twin_control
If a package in a merged underlay workspace is overridden and it installs headers, then all packages in the overlay must sort their include directories by workspace order. Failure to do so may result in build failures or undefined behavior at run time.
If the overridden package is used by another package in any underlay, then the overriding package in the overlay must be API and ABI compatible or undefined behavior at run time may occur.

If you understand the risks and want to override a package anyways, add the following to the command line:
	--allow-overriding tello_twin_control tello_twin_logging

This may be promoted to an error in a future release of colcon-override-check.
[0.173s] Level 5:colcon.colcon_core.verb:set package 'tello_twin_control' build argument 'cmake_args' from command line to 'None'
[0.173s] Level 5:colcon.colcon_core.verb:set package 'tello_twin_control' build argument 'cmake_target' from command line to 'None'
[0.173s] Level 5:colcon.colcon_core.verb:set package 'tello_twin_control' build argument 'cmake_target_skip_unavailable' from command line to 'False'
[0.173s] Level 5:colcon.colcon_core.verb:set package 'tello_twin_control' build argument 'cmake_clean_cache' from command line to 'False'
[0.173s] Level 5:colcon.colcon_core.verb:set package 'tello_twin_control' build argument 'cmake_clean_first' from command line to 'False'
[0.173s] Level 5:colcon.colcon_core.verb:set package 'tello_twin_control' build argument 'cmake_force_configure' from command line to 'False'
[0.173s] Level 5:colcon.colcon_core.verb:set package 'tello_twin_control' build argument 'ament_cmake_args' from command line to 'None'
[0.173s] Level 5:colcon.colcon_core.verb:set package 'tello_twin_control' build argument 'catkin_cmake_args' from command line to 'None'
[0.173s] Level 5:colcon.colcon_core.verb:set package 'tello_twin_control' build argument 'catkin_skip_building_tests' from command line to 'False'
[0.173s] DEBUG:colcon.colcon_core.verb:Building package 'tello_twin_control' with the following arguments: {'ament_cmake_args': None, 'build_base': '/home/aghilas/tello_twin_ws/build/tello_twin_control', 'catkin_cmake_args': None, 'catkin_skip_building_tests': False, 'cmake_args': None, 'cmake_clean_cache': False, 'cmake_clean_first': False, 'cmake_force_configure': False, 'cmake_target': None, 'cmake_target_skip_unavailable': False, 'install_base': '/home/aghilas/tello_twin_ws/install/tello_twin_control', 'merge_install': False, 'path': '/home/aghilas/tello_twin_ws/src/tello_twin_control', 'symlink_install': False, 'test_result_base': None}
[0.173s] Level 5:colcon.colcon_core.verb:set package 'tello_twin_logging' build argument 'cmake_args' from command line to 'None'
[0.173s] Level 5:colcon.colcon_core.verb:set package 'tello_twin_logging' build argument 'cmake_target' from command line to 'None'
[0.173s] Level 5:colcon.colcon_core.verb:set package 'tello_twin_logging' build argument 'cmake_target_skip_unavailable' from command line to 'False'
[0.173s] Level 5:colcon.colcon_core.verb:set package 'tello_twin_logging' build argument 'cmake_clean_cache' from command line to 'False'
[0.173s] Level 5:colcon.colcon_core.verb:set package 'tello_twin_logging' build argument 'cmake_clean_first' from command line to 'False'
[0.173s] Level 5:colcon.colcon_core.verb:set package 'tello_twin_logging' build argument 'cmake_force_configure' from command line to 'False'
[0.173s] Level 5:colcon.colcon_core.verb:set package 'tello_twin_logging' build argument 'ament_cmake_args' from command line to 'None'
[0.173s] Level 5:colcon.colcon_core.verb:set package 'tello_twin_logging' build argument 'catkin_cmake_args' from command line to 'None'
[0.173s] Level 5:colcon.colcon_core.verb:set package 'tello_twin_logging' build argument 'catkin_skip_building_tests' from command line to 'False'
[0.173s] DEBUG:colcon.colcon_core.verb:Building package 'tello_twin_logging' with the following arguments: {'ament_cmake_args': None, 'build_base': '/home/aghilas/tello_twin_ws/build/tello_twin_logging', 'catkin_cmake_args': None, 'catkin_skip_building_tests': False, 'cmake_args': None, 'cmake_clean_cache': False, 'cmake_clean_first': False, 'cmake_force_configure': False, 'cmake_target': None, 'cmake_target_skip_unavailable': False, 'install_base': '/home/aghilas/tello_twin_ws/install/tello_twin_logging', 'merge_install': False, 'path': '/home/aghilas/tello_twin_ws/src/tello_twin_logging', 'symlink_install': False, 'test_result_base': None}
[0.173s] INFO:colcon.colcon_core.executor:Executing jobs using 'parallel' executor
[0.174s] DEBUG:colcon.colcon_parallel_executor.executor.parallel:run_until_complete
[0.174s] INFO:colcon.colcon_ros.task.ament_python.build:Building ROS package in '/home/aghilas/tello_twin_ws/src/tello_twin_control' with build type 'ament_python'
[0.174s] Level 1:colcon.colcon_core.shell:create_environment_hook('tello_twin_control', 'ament_prefix_path')
[0.176s] INFO:colcon.colcon_core.plugin_system:Skipping extension 'colcon_core.shell.bat': Not used on non-Windows systems
[0.176s] INFO:colcon.colcon_core.shell:Creating environment hook '/home/aghilas/tello_twin_ws/install/tello_twin_control/share/tello_twin_control/hook/ament_prefix_path.ps1'
[0.177s] INFO:colcon.colcon_core.shell:Creating environment descriptor '/home/aghilas/tello_twin_ws/install/tello_twin_control/share/tello_twin_control/hook/ament_prefix_path.dsv'
[0.177s] INFO:colcon.colcon_core.shell:Creating environment hook '/home/aghilas/tello_twin_ws/install/tello_twin_control/share/tello_twin_control/hook/ament_prefix_path.sh'
[0.177s] INFO:colcon.colcon_core.shell:Skip shell extension 'powershell' for command environment: Not usable outside of PowerShell
[0.177s] DEBUG:colcon.colcon_core.shell:Skip shell extension 'dsv' for command environment
[0.181s] INFO:colcon.colcon_ros.task.ament_python.build:Building ROS package in '/home/aghilas/tello_twin_ws/src/tello_twin_logging' with build type 'ament_python'
[0.181s] Level 1:colcon.colcon_core.shell:create_environment_hook('tello_twin_logging', 'ament_prefix_path')
[0.181s] INFO:colcon.colcon_core.shell:Creating environment hook '/home/aghilas/tello_twin_ws/install/tello_twin_logging/share/tello_twin_logging/hook/ament_prefix_path.ps1'
[0.182s] INFO:colcon.colcon_core.shell:Creating environment descriptor '/home/aghilas/tello_twin_ws/install/tello_twin_logging/share/tello_twin_logging/hook/ament_prefix_path.dsv'
[0.182s] INFO:colcon.colcon_core.shell:Creating environment hook '/home/aghilas/tello_twin_ws/install/tello_twin_logging/share/tello_twin_logging/hook/ament_prefix_path.sh'
[0.183s] INFO:colcon.colcon_core.shell:Skip shell extension 'powershell' for command environment: Not usable outside of PowerShell
[0.183s] DEBUG:colcon.colcon_core.shell:Skip shell extension 'dsv' for command environment
[0.354s] INFO:colcon.colcon_core.task.python.build:Building Python package in '/home/aghilas/tello_twin_ws/src/tello_twin_control'
[0.354s] INFO:colcon.colcon_core.shell:Skip shell extension 'powershell' for command environment: Not usable outside of PowerShell
[0.354s] DEBUG:colcon.colcon_core.shell:Skip shell extension 'dsv' for command environment
[0.506s] INFO:colcon.colcon_core.task.python.build:Building Python package in '/home/aghilas/tello_twin_ws/src/tello_twin_logging'
[0.506s] INFO:colcon.colcon_core.shell:Skip shell extension 'powershell' for command environment: Not usable outside of PowerShell
[0.506s] DEBUG:colcon.colcon_core.shell:Skip shell extension 'dsv' for command environment
[0.948s] DEBUG:colcon.colcon_core.event_handler.log_command:Invoking command in '/home/aghilas/tello_twin_ws/src/tello_twin_logging': DEBUGINFOD_URLS=https://debuginfod.ubuntu.com PYTHONPATH=/home/aghilas/tello_twin_ws/build/tello_twin_logging/prefix_override:/usr/lib/python3/dist-packages/colcon_core/task/python/colcon_distutils_commands:/home/aghilas/tello_twin_ws/install/tello_twin_logging/lib/python3.12/site-packages:${PYTHONPATH} /usr/bin/python3 -W ignore:setup.py install is deprecated -W ignore:easy_install command is deprecated setup.py egg_info --egg-base ../../build/tello_twin_logging build --build-base /home/aghilas/tello_twin_ws/build/tello_twin_logging/build install --record /home/aghilas/tello_twin_ws/build/tello_twin_logging/install.log --single-version-externally-managed install_data
[0.963s] DEBUG:colcon.colcon_core.event_handler.log_command:Invoking command in '/home/aghilas/tello_twin_ws/src/tello_twin_control': DEBUGINFOD_URLS=https://debuginfod.ubuntu.com PYTHONPATH=/home/aghilas/tello_twin_ws/build/tello_twin_control/prefix_override:/usr/lib/python3/dist-packages/colcon_core/task/python/colcon_distutils_commands:/home/aghilas/tello_twin_ws/install/tello_twin_control/lib/python3.12/site-packages:${PYTHONPATH} /usr/bin/python3 -W ignore:setup.py install is deprecated -W ignore:easy_install command is deprecated setup.py egg_info --egg-base ../../build/tello_twin_control build --build-base /home/aghilas/tello_twin_ws/build/tello_twin_control/build install --record /home/aghilas/tello_twin_ws/build/tello_twin_control/install.log --single-version-externally-managed install_data
[1.500s] DEBUG:colcon.colcon_core.event_handler.log_command:Invoked command in '/home/aghilas/tello_twin_ws/src/tello_twin_logging' returned '0': DEBUGINFOD_URLS=https://debuginfod.ubuntu.com PYTHONPATH=/home/aghilas/tello_twin_ws/build/tello_twin_logging/prefix_override:/usr/lib/python3/dist-packages/colcon_core/task/python/colcon_distutils_commands:/home/aghilas/tello_twin_ws/install/tello_twin_logging/lib/python3.12/site-packages:${PYTHONPATH} /usr/bin/python3 -W ignore:setup.py install is deprecated -W ignore:easy_install command is deprecated setup.py egg_info --egg-base ../../build/tello_twin_logging build --build-base /home/aghilas/tello_twin_ws/build/tello_twin_logging/build install --record /home/aghilas/tello_twin_ws/build/tello_twin_logging/install.log --single-version-externally-managed install_data
[1.503s] Level 1:colcon.colcon_core.environment:checking '/home/aghilas/tello_twin_ws/install/tello_twin_logging' for CMake module files
[1.503s] Level 1:colcon.colcon_core.environment:checking '/home/aghilas/tello_twin_ws/install/tello_twin_logging' for CMake config files
[1.504s] Level 1:colcon.colcon_core.environment:checking '/home/aghilas/tello_twin_ws/install/tello_twin_logging/lib'
[1.504s] Level 1:colcon.colcon_core.environment:checking '/home/aghilas/tello_twin_ws/install/tello_twin_logging/bin'
[1.504s] Level 1:colcon.colcon_core.environment:checking '/home/aghilas/tello_twin_ws/install/tello_twin_logging/lib/pkgconfig/tello_twin_logging.pc'
[1.505s] Level 1:colcon.colcon_core.environment:checking '/home/aghilas/tello_twin_ws/install/tello_twin_logging/lib/python3.12/site-packages'
[1.505s] Level 1:colcon.colcon_core.shell:create_environment_hook('tello_twin_logging', 'pythonpath')
[1.505s] INFO:colcon.colcon_core.shell:Creating environment hook '/home/aghilas/tello_twin_ws/install/tello_twin_logging/share/tello_twin_logging/hook/pythonpath.ps1'
[1.505s] INFO:colcon.colcon_core.shell:Creating environment descriptor '/home/aghilas/tello_twin_ws/install/tello_twin_logging/share/tello_twin_logging/hook/pythonpath.dsv'
[1.506s] INFO:colcon.colcon_core.shell:Creating environment hook '/home/aghilas/tello_twin_ws/install/tello_twin_logging/share/tello_twin_logging/hook/pythonpath.sh'
[1.507s] Level 1:colcon.colcon_core.environment:checking '/home/aghilas/tello_twin_ws/install/tello_twin_logging/bin'
[1.507s] Level 1:colcon.colcon_core.environment:create_environment_scripts_only(tello_twin_logging)
[1.507s] INFO:colcon.colcon_core.shell:Creating package script '/home/aghilas/tello_twin_ws/install/tello_twin_logging/share/tello_twin_logging/package.ps1'
[1.508s] INFO:colcon.colcon_core.shell:Creating package descriptor '/home/aghilas/tello_twin_ws/install/tello_twin_logging/share/tello_twin_logging/package.dsv'
[1.508s] INFO:colcon.colcon_core.shell:Creating package script '/home/aghilas/tello_twin_ws/install/tello_twin_logging/share/tello_twin_logging/package.sh'
[1.509s] INFO:colcon.colcon_core.shell:Creating package script '/home/aghilas/tello_twin_ws/install/tello_twin_logging/share/tello_twin_logging/package.bash'
[1.510s] INFO:colcon.colcon_core.shell:Creating package script '/home/aghilas/tello_twin_ws/install/tello_twin_logging/share/tello_twin_logging/package.zsh'
[1.510s] Level 1:colcon.colcon_core.environment:create_file_with_runtime_dependencies(/home/aghilas/tello_twin_ws/install/tello_twin_logging/share/colcon-core/packages/tello_twin_logging)
[1.517s] Level 1:colcon.colcon_core.environment:checking '/home/aghilas/tello_twin_ws/install/tello_twin_control' for CMake module files
[1.518s] DEBUG:colcon.colcon_core.event_handler.log_command:Invoked command in '/home/aghilas/tello_twin_ws/src/tello_twin_control' returned '0': DEBUGINFOD_URLS=https://debuginfod.ubuntu.com PYTHONPATH=/home/aghilas/tello_twin_ws/build/tello_twin_control/prefix_override:/usr/lib/python3/dist-packages/colcon_core/task/python/colcon_distutils_commands:/home/aghilas/tello_twin_ws/install/tello_twin_control/lib/python3.12/site-packages:${PYTHONPATH} /usr/bin/python3 -W ignore:setup.py install is deprecated -W ignore:easy_install command is deprecated setup.py egg_info --egg-base ../../build/tello_twin_control build --build-base /home/aghilas/tello_twin_ws/build/tello_twin_control/build install --record /home/aghilas/tello_twin_ws/build/tello_twin_control/install.log --single-version-externally-managed install_data
[1.518s] Level 1:colcon.colcon_core.environment:checking '/home/aghilas/tello_twin_ws/install/tello_twin_control' for CMake config files
[1.519s] Level 1:colcon.colcon_core.environment:checking '/home/aghilas/tello_twin_ws/install/tello_twin_control/lib'
[1.519s] Level 1:colcon.colcon_core.environment:checking '/home/aghilas/tello_twin_ws/install/tello_twin_control/bin'
[1.519s] Level 1:colcon.colcon_core.environment:checking '/home/aghilas/tello_twin_ws/install/tello_twin_control/lib/pkgconfig/tello_twin_control.pc'
[1.519s] Level 1:colcon.colcon_core.environment:checking '/home/aghilas/tello_twin_ws/install/tello_twin_control/lib/python3.12/site-packages'
[1.520s] Level 1:colcon.colcon_core.shell:create_environment_hook('tello_twin_control', 'pythonpath')
[1.520s] INFO:colcon.colcon_core.shell:Creating environment hook '/home/aghilas/tello_twin_ws/install/tello_twin_control/share/tello_twin_control/hook/pythonpath.ps1'
[1.520s] INFO:colcon.colcon_core.shell:Creating environment descriptor '/home/aghilas/tello_twin_ws/install/tello_twin_control/share/tello_twin_control/hook/pythonpath.dsv'
[1.521s] INFO:colcon.colcon_core.shell:Creating environment hook '/home/aghilas/tello_twin_ws/install/tello_twin_control/share/tello_twin_control/hook/pythonpath.sh'
[1.521s] Level 1:colcon.colcon_core.environment:checking '/home/aghilas/tello_twin_ws/install/tello_twin_control/bin'
[1.521s] Level 1:colcon.colcon_core.environment:create_environment_scripts_only(tello_twin_control)
[1.522s] INFO:colcon.colcon_core.shell:Creating package script '/home/aghilas/tello_twin_ws/install/tello_twin_control/share/tello_twin_control/package.ps1'
[1.522s] INFO:colcon.colcon_core.shell:Creating package descriptor '/home/aghilas/tello_twin_ws/install/tello_twin_control/share/tello_twin_control/package.dsv'
[1.523s] INFO:colcon.colcon_core.shell:Creating package script '/home/aghilas/tello_twin_ws/install/tello_twin_control/share/tello_twin_control/package.sh'
[1.523s] INFO:colcon.colcon_core.shell:Creating package script '/home/aghilas/tello_twin_ws/install/tello_twin_control/share/tello_twin_control/package.bash'
[1.524s] INFO:colcon.colcon_core.shell:Creating package script '/home/aghilas/tello_twin_ws/install/tello_twin_control/share/tello_twin_control/package.zsh'
[1.524s] Level 1:colcon.colcon_core.environment:create_file_with_runtime_dependencies(/home/aghilas/tello_twin_ws/install/tello_twin_control/share/colcon-core/packages/tello_twin_control)
[1.524s] DEBUG:colcon.colcon_parallel_executor.executor.parallel:closing loop
[1.525s] DEBUG:colcon.colcon_parallel_executor.executor.parallel:loop closed
[1.525s] DEBUG:colcon.colcon_parallel_executor.executor.parallel:run_until_complete finished with '0'
[1.525s] DEBUG:colcon.colcon_core.event_reactor:joining thread
[1.531s] INFO:colcon.colcon_core.plugin_system:Skipping extension 'colcon_notification.desktop_notification.terminal_notifier': Not used on non-Darwin systems
[1.531s] INFO:colcon.colcon_core.plugin_system:Skipping extension 'colcon_notification.desktop_notification.win32': Not used on non-Windows systems
[1.532s] INFO:colcon.colcon_notification.desktop_notification:Sending desktop notification using 'notify2'
[1.546s] DEBUG:colcon.colcon_core.event_reactor:joined thread
[1.547s] INFO:colcon.colcon_core.shell:Creating prefix script '/home/aghilas/tello_twin_ws/install/local_setup.ps1'
[1.548s] INFO:colcon.colcon_core.shell:Creating prefix util module '/home/aghilas/tello_twin_ws/install/_local_setup_util_ps1.py'
[1.549s] INFO:colcon.colcon_core.shell:Creating prefix chain script '/home/aghilas/tello_twin_ws/install/setup.ps1'
[1.550s] INFO:colcon.colcon_core.shell:Creating prefix script '/home/aghilas/tello_twin_ws/install/local_setup.sh'
[1.551s] INFO:colcon.colcon_core.shell:Creating prefix util module '/home/aghilas/tello_twin_ws/install/_local_setup_util_sh.py'
[1.551s] INFO:colcon.colcon_core.shell:Creating prefix chain script '/home/aghilas/tello_twin_ws/install/setup.sh'
[1.553s] INFO:colcon.colcon_core.shell:Creating prefix script '/home/aghilas/tello_twin_ws/install/local_setup.bash'
[1.553s] INFO:colcon.colcon_core.shell:Creating prefix chain script '/home/aghilas/tello_twin_ws/install/setup.bash'
[1.554s] INFO:colcon.colcon_core.shell:Creating prefix script '/home/aghilas/tello_twin_ws/install/local_setup.zsh'
[1.555s] INFO:colcon.colcon_core.shell:Creating prefix chain script '/home/aghilas/tello_twin_ws/install/setup.zsh'
