[0.753s] Invoking command in '/home/aghilas/tello_twin_ws/src/tello_twin_control': DEBUGINFOD_URLS=https://debuginfod.ubuntu.com PYTHONPATH=/home/aghilas/tello_twin_ws/build/tello_twin_control/prefix_override:/usr/lib/python3/dist-packages/colcon_core/task/python/colcon_distutils_commands:/home/aghilas/tello_twin_ws/install/tello_twin_control/lib/python3.12/site-packages:${PYTHONPATH} /usr/bin/python3 -W ignore:setup.py install is deprecated -W ignore:easy_install command is deprecated setup.py egg_info --egg-base ../../build/tello_twin_control build --build-base /home/aghilas/tello_twin_ws/build/tello_twin_control/build install --record /home/aghilas/tello_twin_ws/build/tello_twin_control/install.log --single-version-externally-managed install_data
[1.017s] running egg_info
[1.034s] writing ../../build/tello_twin_control/tello_twin_control.egg-info/PKG-INFO
[1.034s] writing dependency_links to ../../build/tello_twin_control/tello_twin_control.egg-info/dependency_links.txt
[1.034s] writing entry points to ../../build/tello_twin_control/tello_twin_control.egg-info/entry_points.txt
[1.034s] writing requirements to ../../build/tello_twin_control/tello_twin_control.egg-info/requires.txt
[1.035s] writing top-level names to ../../build/tello_twin_control/tello_twin_control.egg-info/top_level.txt
[1.070s] reading manifest file '../../build/tello_twin_control/tello_twin_control.egg-info/SOURCES.txt'
[1.071s] writing manifest file '../../build/tello_twin_control/tello_twin_control.egg-info/SOURCES.txt'
[1.071s] running build
[1.071s] running build_py
[1.071s] copying tello_twin_control/cmd_test.py -> /home/aghilas/tello_twin_ws/build/tello_twin_control/build/lib/tello_twin_control
[1.072s] running install
[1.078s] running install_lib
[1.097s] copying /home/aghilas/tello_twin_ws/build/tello_twin_control/build/lib/tello_twin_control/cmd_test.py -> /home/aghilas/tello_twin_ws/install/tello_twin_control/lib/python3.12/site-packages/tello_twin_control
[1.097s] byte-compiling /home/aghilas/tello_twin_ws/install/tello_twin_control/lib/python3.12/site-packages/tello_twin_control/cmd_test.py to cmd_test.cpython-312.pyc
[1.098s] running install_data
[1.098s] copying package.xml -> /home/aghilas/tello_twin_ws/install/tello_twin_control/share/tello_twin_control
[1.098s] running install_egg_info
[1.120s] removing '/home/aghilas/tello_twin_ws/install/tello_twin_control/lib/python3.12/site-packages/tello_twin_control-0.0.0-py3.12.egg-info' (and everything under it)
[1.120s] Copying ../../build/tello_twin_control/tello_twin_control.egg-info to /home/aghilas/tello_twin_ws/install/tello_twin_control/lib/python3.12/site-packages/tello_twin_control-0.0.0-py3.12.egg-info
[1.120s] running install_scripts
[1.251s] Installing cmd_test script to /home/aghilas/tello_twin_ws/install/tello_twin_control/lib/tello_twin_control
[1.251s] writing list of installed files to '/home/aghilas/tello_twin_ws/build/tello_twin_control/install.log'
[1.277s] Invoked command in '/home/aghilas/tello_twin_ws/src/tello_twin_control' returned '0': DEBUGINFOD_URLS=https://debuginfod.ubuntu.com PYTHONPATH=/home/aghilas/tello_twin_ws/build/tello_twin_control/prefix_override:/usr/lib/python3/dist-packages/colcon_core/task/python/colcon_distutils_commands:/home/aghilas/tello_twin_ws/install/tello_twin_control/lib/python3.12/site-packages:${PYTHONPATH} /usr/bin/python3 -W ignore:setup.py install is deprecated -W ignore:easy_install command is deprecated setup.py egg_info --egg-base ../../build/tello_twin_control build --build-base /home/aghilas/tello_twin_ws/build/tello_twin_control/build install --record /home/aghilas/tello_twin_ws/build/tello_twin_control/install.log --single-version-externally-managed install_data
