running egg_info
creating ../../build/tello_twin_bringup/tello_twin_bringup.egg-info
writing ../../build/tello_twin_bringup/tello_twin_bringup.egg-info/PKG-INFO
writing dependency_links to ../../build/tello_twin_bringup/tello_twin_bringup.egg-info/dependency_links.txt
writing requirements to ../../build/tello_twin_bringup/tello_twin_bringup.egg-info/requires.txt
writing top-level names to ../../build/tello_twin_bringup/tello_twin_bringup.egg-info/top_level.txt
writing manifest file '../../build/tello_twin_bringup/tello_twin_bringup.egg-info/SOURCES.txt'
reading manifest file '../../build/tello_twin_bringup/tello_twin_bringup.egg-info/SOURCES.txt'
writing manifest file '../../build/tello_twin_bringup/tello_twin_bringup.egg-info/SOURCES.txt'
running build
running install
running install_data
creating /home/aghilas/tello_twin_ws/install/tello_twin_bringup/share/ament_index
creating /home/aghilas/tello_twin_ws/install/tello_twin_bringup/share/ament_index/resource_index
creating /home/aghilas/tello_twin_ws/install/tello_twin_bringup/share/ament_index/resource_index/packages
copying resource/tello_twin_bringup -> /home/aghilas/tello_twin_ws/install/tello_twin_bringup/share/ament_index/resource_index/packages
copying package.xml -> /home/aghilas/tello_twin_ws/install/tello_twin_bringup/share/tello_twin_bringup
creating /home/aghilas/tello_twin_ws/install/tello_twin_bringup/share/tello_twin_bringup/launch
copying launch/baseline_twin.launch.py -> /home/aghilas/tello_twin_ws/install/tello_twin_bringup/share/tello_twin_bringup/launch
running install_egg_info
Copying ../../build/tello_twin_bringup/tello_twin_bringup.egg-info to /home/aghilas/tello_twin_ws/install/tello_twin_bringup/lib/python3.12/site-packages/tello_twin_bringup-0.0.0-py3.12.egg-info
running install_scripts
writing list of installed files to '/home/aghilas/tello_twin_ws/build/tello_twin_bringup/install.log'
